<?xml version="1.0" encoding="UTF-8" standalone="no"?><testsuite errors="0" failures="0" name="Manage Offline Class" skipped="0" tests="10" time="80.07" timestamp="2022-07-01 08:11:35"><testcase name="View detail offline classes"/><testcase name="Using cancel button on view offline classes"/><testcase name="Add data offline class"/><testcase name="Edit data offline class"/><testcase name="Delete data offline class"/><testcase name="Using cancel button on edit delete pop up"/><testcase name="Using cancel button on add offline class"/></testsuite>