<?xml version="1.0" encoding="UTF-8" standalone="no"?><testsuite errors="0" failures="0" name="Manage Offline Class Booking" skipped="0" tests="10" time="58.39" timestamp="2022-07-01 08:12:55"><testcase name="View detail offline class booking"/><testcase name="Using cancel button on pop up view and delete offline class booking"/><testcase name="Delete data offline class booking"/><testcase name="View detail offline class booking"/><testcase name="Using cancel button on pop up view and delete offline class booking"/><testcase name="Delete data offline class booking"/></testsuite>