<?xml version="1.0" encoding="UTF-8" standalone="no"?><testsuite errors="0" failures="0" name="Manage Online Class" skipped="0" tests="10" time="61.07" timestamp="2022-07-01 08:13:26"><testcase name="View detail online classes"/><testcase name="Using cancel button on view online classes"/><testcase name="Add data online class"/><testcase name="Edit data online class"/><testcase name="Delete data online class"/><testcase name="Using cancel button on edit delete pop up"/><testcase name="Using cancel button on add online class"/></testsuite>