<?xml version="1.0" encoding="UTF-8"?><testsuite errors="0" failures="0" name="Booking" skipped="0" tests="15" time="33.4" timestamp="2022-07-16 11:09:06"><testcase name="GET - As an Admin I have to be able to get all classes"/><testcase name="POST - As an Admin I have to be able to create a booking"/><testcase name="GET - As an Admin I have to be able to get all booking"/><testcase name="GET - As an Admin I have to be able to get booking by id"/><testcase name="PUT - As an Admin I have to be able to accept user's booking"/><testcase name="GET - As an Admin I have to able to get booking by user's id"/></testsuite>