<?xml version="1.0" encoding="UTF-8"?><testsuite errors="0" failures="0" name="User" skipped="0" tests="37" time="63.0" timestamp="2022-07-16 11:09:06"><testcase name="GET - As an admin I have to be able to get data users by category"/><testcase name="GET - As an Admin I have to be able to get all users"/><testcase name="GET - As an Admin I have to be able to get an user by id"/><testcase name="POST - As an Admin I have to be able to create new superadmin, admin, and user"/><testcase name="POST - As an Admin I have not to be able to create new superadmin, admin, and user"/><testcase name="PUT - Update password user"/><testcase name="PUT - Update user"/></testsuite>