<?xml version="1.0" encoding="UTF-8"?><testsuite errors="0" failures="0" name="Class" skipped="0" tests="24" time="49.36" timestamp="2022-07-16 11:09:06"><testcase name="GET - As an Admin I have to be able to get all classes"/><testcase name="GET- As an Admin I have to be able to get a class by id"/><testcase name="POST - Create a class by category"/><testcase name="POST - Create a class by category negative"/><testcase name="POST - Create a class by category with null id instructor"/><testcase name="DELETE - delete a class by id"/><testcase name="PUT - update class"/></testsuite>