<?xml version="1.0" encoding="UTF-8"?>
<testsuite xmlns:xsi="http://www.w3.org/2001/XMLSchema-instance" xsi:noNamespaceSchemaLocation="https://maven.apache.org/surefire/maven-failsafe-plugin/xsd/failsafe-test-report-3.0.xsd" version="3.0" name="CucumberTestSuite" time="21.842" tests="1" errors="0" skipped="0" failures="0">
  <properties>
[...]
</properties>
  <testcase name="Edit data Admin with some data are not valid" classname="Manage Admin" time="18.723">
    <system-out><![CDATA[16:49:55.027 [main] INFO io.cucumber.core.plugin.SerenityReporter - Running feature from file:///E:/Learn/capstone_Web/src/test/resources/features/Login.feature
16:49:55.233 [main] INFO  - 

-------------------------------------------------------------------------------------
     _______. _______ .______       _______ .__   __.  __  .___________.____    ____ 
    /       ||   ____||   _  \     |   ____||  \ |  | |  | |           |\   \  /   / 
   |   (----`|  |__   |  |_)  |    |  |__   |   \|  | |  | `---|  |----` \   \/   /  
    \   \    |   __|  |      /     |   __|  |  . `  | |  |     |  |       \_    _/   
.----)   |   |  |____ |  |\  \----.|  |____ |  |\   | |  |     |  |         |  |     
|_______/    |_______|| _| `._____||_______||__| \__| |__|     |__|         |__|    
                                                                                     
 News and tutorials at http://www.serenity-bdd.info                                  
 Documentation at https://wakaleo.gitbooks.io/the-serenity-book/content/             
 Join the Serenity Community on Gitter: https://gitter.im/serenity-bdd/serenity-core 
 Serenity BDD Support and Training at http://serenity-bdd.info/#/trainingandsupport  
-------------------------------------------------------------------------------------

16:49:55.238 [main] DEBUG net.thucydides.core.steps.StepEventBus - Test suite started for story net.thucydides.core.model.Story@23282f08
16:49:55.242 [main] INFO  - Test Suite Started: Login
16:49:55.254 [main] INFO io.cucumber.core.plugin.SerenityReporter - Running feature from file:///E:/Learn/capstone_Web/src/test/resources/features/ManageAdmin.feature
16:49:55.274 [main] DEBUG net.thucydides.core.steps.StepEventBus - Test suite started for story net.thucydides.core.model.Story@a77e1dcb
16:49:55.275 [main] INFO  - Test Suite Started: Manage Admin
16:49:55.275 [main] INFO io.cucumber.core.plugin.SerenityReporter - Running feature from file:///E:/Learn/capstone_Web/src/test/resources/features/ManageMembership.feature
16:49:55.275 [main] DEBUG net.thucydides.core.steps.StepEventBus - Test suite started for story net.thucydides.core.model.Story@dec1ddc5
16:49:55.275 [main] INFO  - Test Suite Started: Manage Membership
16:49:55.281 [main] INFO io.cucumber.core.plugin.SerenityReporter - Running feature from file:///E:/Learn/capstone_Web/src/test/resources/features/ManageOfflineClass.feature
16:49:55.293 [main] DEBUG net.thucydides.core.steps.StepEventBus - Test suite started for story net.thucydides.core.model.Story@f629169c
16:49:55.293 [main] INFO  - Test Suite Started: Manage Offline Class
16:49:55.293 [main] INFO io.cucumber.core.plugin.SerenityReporter - Running feature from file:///E:/Learn/capstone_Web/src/test/resources/features/ManageOfflineClassBooking.feature
16:49:55.301 [main] DEBUG net.thucydides.core.steps.StepEventBus - Test suite started for story net.thucydides.core.model.Story@910ef195
16:49:55.302 [main] INFO  - Test Suite Started: Manage Offline Class Booking
16:49:55.302 [main] INFO io.cucumber.core.plugin.SerenityReporter - Running feature from file:///E:/Learn/capstone_Web/src/test/resources/features/ManageOnlineClass.feature
16:49:55.313 [main] DEBUG net.thucydides.core.steps.StepEventBus - Test suite started for story net.thucydides.core.model.Story@85071302
16:49:55.314 [main] INFO  - Test Suite Started: Manage Online Class
16:49:55.314 [main] INFO io.cucumber.core.plugin.SerenityReporter - Running feature from file:///E:/Learn/capstone_Web/src/test/resources/features/ManageOnlineClassBooking.feature
16:49:55.318 [main] DEBUG net.thucydides.core.steps.StepEventBus - Test suite started for story net.thucydides.core.model.Story@da0f082f
16:49:55.320 [main] INFO  - Test Suite Started: Manage Offline Class Booking
16:49:55.321 [main] INFO io.cucumber.core.plugin.SerenityReporter - Running feature from file:///E:/Learn/capstone_Web/src/test/resources/features/ManageAdmin.feature
16:49:55.324 [main] DEBUG net.thucydides.core.steps.StepEventBus - Test suite started for story net.thucydides.core.model.Story@a77e1dcb
16:49:55.324 [main] INFO  - Test Suite Started: Manage Admin

@EditAdminNegative
Scenario Outline: Edit data Admin with some data are not valid                          &amp#27;[90m# src/test/resources/features/ManageAdmin.feature:94&amp#27;[0m
16:49:55.463 [main] INFO io.cucumber.core.plugin.SerenityReporter - Running feature from file:///E:/Learn/capstone_Web/src/test/resources/features/ManageAdmin.feature
16:49:55.594 [main] INFO  - 
  _____   ___   ___   _____     ___   _____     _     ___   _____   ___   ___  
 |_   _| | __| / __| |_   _|   / __| |_   _|   /_\   | _ \ |_   _| | __| |   \ 
   | |   | _|  \__ \   | |     \__ \   | |    / _ \  |   /   | |   | _|  | |) |
   |_|   |___| |___/   |_|     |___/   |_|   /_/ \_\ |_|_\   |_|   |___| |___/ 

Edit data Admin with some data are not valid(manage-admin;edit-data-admin-with-some-data-are-not-valid)
--------------------------------------------------------------------------------
16:49:56.494 [main] INFO net.serenitybdd.core.webdriver.driverproviders.ChromeDriverProvider - Using automatically driver download
16:49:57.256 [main] DEBUG io.github.bonigarcia.wdm.cache.ResolutionCache - Resolution chrome=103 in cache (valid until 17:06:04 14/07/2022 ICT)
16:49:57.263 [main] DEBUG io.github.bonigarcia.wdm.cache.ResolutionCache - Resolution chrome103=103.0.5060.53 in cache (valid until 13:10:35 15/07/2022 ICT)
16:49:57.275 [main] INFO io.github.bonigarcia.wdm.WebDriverManager - Using chromedriver 103.0.5060.53 (resolved driver for Chrome 103)
16:49:57.302 [main] DEBUG io.github.bonigarcia.wdm.WebDriverManager - Driver chromedriver 103.0.5060.53 found in cache
16:49:57.304 [main] INFO io.github.bonigarcia.wdm.WebDriverManager - Exporting webdriver.chrome.driver as C:\Users\HP\.cache\selenium\chromedriver\win32\103.0.5060.53\chromedriver.exe
16:49:58.412 [main] DEBUG net.thucydides.core.reflection.ClassFinder - Could not load class .CucumberTestSuite
16:49:58.413 [main] DEBUG net.thucydides.core.reflection.ClassFinder - Could not load class .Utils.General
16:49:58.413 [main] DEBUG net.thucydides.core.reflection.ClassFinder - Could not load class .starter.pages.LoginPage
16:49:58.413 [main] DEBUG net.thucydides.core.reflection.ClassFinder - Could not load class .starter.pages.ManageAdminPage
16:49:58.413 [main] DEBUG net.thucydides.core.reflection.ClassFinder - Could not load class .starter.pages.ManageMembershipPage
16:49:58.413 [main] DEBUG net.thucydides.core.reflection.ClassFinder - Could not load class .starter.pages.ManageOfflineBookingPage
16:49:58.413 [main] DEBUG net.thucydides.core.reflection.ClassFinder - Could not load class .starter.pages.ManageOfflineClassPage
16:49:58.413 [main] DEBUG net.thucydides.core.reflection.ClassFinder - Could not load class .starter.pages.ManageOnlineClassPage
16:49:58.414 [main] DEBUG net.thucydides.core.reflection.ClassFinder - Could not load class .starter.stepdefinitions.LoginSteps
16:49:58.414 [main] DEBUG net.thucydides.core.reflection.ClassFinder - Could not load class .starter.stepdefinitions.ManageAdminSteps
16:49:58.414 [main] DEBUG net.thucydides.core.reflection.ClassFinder - Could not load class .starter.stepdefinitions.ManageMembershipSteps
16:49:58.414 [main] DEBUG net.thucydides.core.reflection.ClassFinder - Could not load class .starter.stepdefinitions.ManageOfflineBookingSteps
16:49:58.416 [main] DEBUG net.thucydides.core.reflection.ClassFinder - Could not load class .starter.stepdefinitions.ManageOfflineClassSteps
16:49:58.416 [main] DEBUG net.thucydides.core.reflection.ClassFinder - Could not load class .starter.stepdefinitions.ManageOnlineClassSteps
16:49:58.417 [main] DEBUG net.thucydides.core.reflection.ClassFinder - Could not load class META-INF.versions.9.com.sun.istack.logging.StackHelper
16:49:58.417 [main] DEBUG net.thucydides.core.reflection.ClassFinder - Could not load class META-INF.versions.9.com.sun.xml.bind.v2.runtime.reflect.opt.AccessorInjector
16:49:58.418 [main] DEBUG net.thucydides.core.reflection.ClassFinder - Could not load class META-INF.versions.9.com.sun.xml.bind.v2.runtime.reflect.opt.Injector
16:49:58.419 [main] DEBUG net.thucydides.core.reflection.ClassFinder - Could not load class META-INF.versions.9.com.sun.xml.bind.v2.runtime.reflect.opt.OptimizedAccessorFactory
16:49:58.419 [main] DEBUG net.thucydides.core.reflection.ClassFinder - Could not load class META-INF.versions.9.com.sun.xml.bind.v2.runtime.reflect.opt.OptimizedTransducedAccessorFactory
16:49:58.419 [main] DEBUG net.thucydides.core.reflection.ClassFinder - Could not load class META-INF.versions.9.io.opentelemetry.sdk.internal.CurrentJavaVersionSpecific
16:49:58.419 [main] DEBUG net.thucydides.core.reflection.ClassFinder - Could not load class META-INF.versions.9.io.opentelemetry.sdk.internal.Java9VersionSpecific
16:49:58.422 [main] DEBUG net.thucydides.core.reflection.ClassFinder - Could not load class META-INF.versions.9.javax.xml.bind.ModuleUtil
16:49:58.423 [main] DEBUG net.thucydides.core.reflection.ClassFinder - Could not load class META-INF.versions.9.module-info
16:49:58.424 [main] DEBUG net.thucydides.core.reflection.ClassFinder - Could not load class META-INF.versions.9.org.junit.platform.commons.util.ModuleUtils
16:49:58.793 [main] DEBUG net.thucydides.core.reflection.ClassFinder - Could not load class com.google.gson.internal.
16:49:58.963 [main] DEBUG net.thucydides.core.reflection.ClassFinder - Could not load class com.sun.xml.bind.v2.runtime.output.FastInfosetStreamWriterOutput
16:49:59.372 [main] DEBUG net.thucydides.core.reflection.ClassFinder - Could not load class module-info
16:50:02.332 [main] DEBUG io.netty.util.internal.logging.InternalLoggerFactory - Using SLF4J as the default logging framework
16:50:02.333 [main] DEBUG io.netty.util.ResourceLeakDetector - -Dio.netty.leakDetection.level: simple
16:50:02.333 [main] DEBUG io.netty.util.ResourceLeakDetector - -Dio.netty.leakDetection.targetRecords: 4
16:50:02.338 [main] DEBUG io.netty.util.ResourceLeakDetectorFactory - Loaded default ResourceLeakDetector: io.netty.util.ResourceLeakDetector@1c247e5b
16:50:02.353 [main] DEBUG io.netty.util.internal.PlatformDependent0 - -Dio.netty.noUnsafe: false
16:50:02.353 [main] DEBUG io.netty.util.internal.PlatformDependent0 - Java version: 15
16:50:02.357 [main] DEBUG io.netty.util.internal.PlatformDependent0 - sun.misc.Unsafe.theUnsafe: available
16:50:02.357 [main] DEBUG io.netty.util.internal.PlatformDependent0 - sun.misc.Unsafe.copyMemory: available
16:50:02.358 [main] DEBUG io.netty.util.internal.PlatformDependent0 - java.nio.Buffer.address: available
16:50:02.359 [main] DEBUG io.netty.util.internal.PlatformDependent0 - direct buffer constructor: unavailable: Reflective setAccessible(true) disabled
16:50:02.360 [main] DEBUG io.netty.util.internal.PlatformDependent0 - java.nio.Bits.unaligned: available, true
16:50:02.361 [main] DEBUG io.netty.util.internal.PlatformDependent0 - jdk.internal.misc.Unsafe.allocateUninitializedArray(int): unavailable: class io.netty.util.internal.PlatformDependent0$6 cannot access class jdk.internal.misc.Unsafe (in module java.base) because module java.base does not export jdk.internal.misc to unnamed module @7957dc72
16:50:02.362 [main] DEBUG io.netty.util.internal.PlatformDependent0 - java.nio.DirectByteBuffer.<init>(long, int): unavailable
16:50:02.362 [main] DEBUG io.netty.util.internal.PlatformDependent - sun.misc.Unsafe: available
16:50:02.364 [main] DEBUG io.netty.util.internal.PlatformDependent - maxDirectMemory: 3191865344 bytes (maybe)
16:50:02.364 [main] DEBUG io.netty.util.internal.PlatformDependent - -Dio.netty.tmpdir: C:\Users\HP\AppData\Local\Temp (java.io.tmpdir)
16:50:02.364 [main] DEBUG io.netty.util.internal.PlatformDependent - -Dio.netty.bitMode: 64 (sun.arch.data.model)
16:50:02.365 [main] DEBUG io.netty.util.internal.PlatformDependent - Platform: Windows
16:50:02.365 [main] DEBUG io.netty.util.internal.PlatformDependent - -Dio.netty.maxDirectMemory: -1 bytes
16:50:02.365 [main] DEBUG io.netty.util.internal.PlatformDependent - -Dio.netty.uninitializedArrayAllocationThreshold: -1
16:50:02.366 [main] DEBUG io.netty.util.internal.CleanerJava9 - java.nio.ByteBuffer.cleaner(): available
16:50:02.366 [main] DEBUG io.netty.util.internal.PlatformDependent - -Dio.netty.noPreferDirect: false
16:50:02.372 [main] DEBUG io.netty.util.internal.PlatformDependent - org.jctools-core.MpscChunkedArrayQueue: available
16:50:02.394 [main] DEBUG io.netty.util.internal.InternalThreadLocalMap - -Dio.netty.threadLocalMap.stringBuilder.initialSize: 1024
16:50:02.394 [main] DEBUG io.netty.util.internal.InternalThreadLocalMap - -Dio.netty.threadLocalMap.stringBuilder.maxSize: 4096
16:50:02.446 [main] DEBUG io.netty.handler.ssl.JdkSslContext - Default protocols (JDK): [TLSv1.3, TLSv1.2, TLSv1.1, TLSv1] 
16:50:02.446 [main] DEBUG io.netty.handler.ssl.JdkSslContext - Default cipher suites (JDK): [TLS_ECDHE_ECDSA_WITH_AES_256_GCM_SHA384, TLS_ECDHE_ECDSA_WITH_AES_128_GCM_SHA256, TLS_ECDHE_RSA_WITH_AES_128_GCM_SHA256, TLS_ECDHE_RSA_WITH_AES_256_GCM_SHA384, TLS_ECDHE_RSA_WITH_AES_128_CBC_SHA, TLS_ECDHE_RSA_WITH_AES_256_CBC_SHA, TLS_RSA_WITH_AES_128_GCM_SHA256, TLS_RSA_WITH_AES_128_CBC_SHA, TLS_RSA_WITH_AES_256_CBC_SHA, TLS_AES_128_GCM_SHA256, TLS_AES_256_GCM_SHA384]
16:50:02.473 [main] DEBUG io.netty.channel.MultithreadEventLoopGroup - -Dio.netty.eventLoopThreads: 16
16:50:02.486 [main] DEBUG io.netty.channel.nio.NioEventLoop - -Dio.netty.noKeySetOptimization: false
16:50:02.486 [main] DEBUG io.netty.channel.nio.NioEventLoop - -Dio.netty.selectorAutoRebuildThreshold: 512
16:50:02.583 [main] DEBUG io.netty.buffer.PooledByteBufAllocator - -Dio.netty.allocator.numHeapArenas: 16
16:50:02.583 [main] DEBUG io.netty.buffer.PooledByteBufAllocator - -Dio.netty.allocator.numDirectArenas: 16
16:50:02.583 [main] DEBUG io.netty.buffer.PooledByteBufAllocator - -Dio.netty.allocator.pageSize: 8192
16:50:02.583 [main] DEBUG io.netty.buffer.PooledByteBufAllocator - -Dio.netty.allocator.maxOrder: 11
16:50:02.583 [main] DEBUG io.netty.buffer.PooledByteBufAllocator - -Dio.netty.allocator.chunkSize: 16777216
16:50:02.583 [main] DEBUG io.netty.buffer.PooledByteBufAllocator - -Dio.netty.allocator.smallCacheSize: 256
16:50:02.583 [main] DEBUG io.netty.buffer.PooledByteBufAllocator - -Dio.netty.allocator.normalCacheSize: 64
16:50:02.583 [main] DEBUG io.netty.buffer.PooledByteBufAllocator - -Dio.netty.allocator.maxCachedBufferCapacity: 32768
16:50:02.583 [main] DEBUG io.netty.buffer.PooledByteBufAllocator - -Dio.netty.allocator.cacheTrimInterval: 8192
16:50:02.583 [main] DEBUG io.netty.buffer.PooledByteBufAllocator - -Dio.netty.allocator.cacheTrimIntervalMillis: 0
16:50:02.583 [main] DEBUG io.netty.buffer.PooledByteBufAllocator - -Dio.netty.allocator.useCacheForAllThreads: true
16:50:02.583 [main] DEBUG io.netty.buffer.PooledByteBufAllocator - -Dio.netty.allocator.maxCachedByteBuffersPerChunk: 1023
16:50:02.596 [main] DEBUG io.netty.buffer.ByteBufUtil - -Dio.netty.allocator.type: pooled
16:50:02.596 [main] DEBUG io.netty.buffer.ByteBufUtil - -Dio.netty.threadLocalDirectBufferSize: 0
16:50:02.596 [main] DEBUG io.netty.buffer.ByteBufUtil - -Dio.netty.maxThreadLocalCharBufferSize: 16384
16:50:02.875 [main] DEBUG net.serenitybdd.core.webdriver.driverproviders.ProvideNewDriver - Instantiating driver
16:50:02.875 [main] DEBUG net.serenitybdd.core.webdriver.driverproviders.ProvideNewDriver - Driver capabilities: Capabilities {acceptInsecureCerts: false, base.url: , browserName: chrome, goog:chromeOptions: {args: [], extensions: []}}
16:50:03.659 [Forwarding newSession on session null to remote] DEBUG io.netty.channel.DefaultChannelId - -Dio.netty.processId: 1936 (auto-detected)
16:50:03.661 [Forwarding newSession on session null to remote] DEBUG io.netty.util.NetUtil - -Djava.net.preferIPv4Stack: false
16:50:03.662 [Forwarding newSession on session null to remote] DEBUG io.netty.util.NetUtil - -Djava.net.preferIPv6Addresses: false
16:50:03.698 [Forwarding newSession on session null to remote] DEBUG io.netty.util.NetUtilInitializations - Loopback interface: lo (Software Loopback Interface 1, 127.0.0.1)
16:50:03.700 [Forwarding newSession on session null to remote] DEBUG io.netty.util.NetUtil - Failed to get SOMAXCONN from sysctl and file \proc\sys\net\core\somaxconn. Default: 200
16:50:03.780 [Forwarding newSession on session null to remote] DEBUG io.netty.channel.DefaultChannelId - -Dio.netty.machineId: 34:f6:4b:ff:fe:f6:84:7f (auto-detected)
16:50:03.837 [AsyncHttpClient-1-2] DEBUG io.netty.buffer.AbstractByteBuf - -Dio.netty.buffer.checkAccessible: true
16:50:03.837 [AsyncHttpClient-1-2] DEBUG io.netty.buffer.AbstractByteBuf - -Dio.netty.buffer.checkBounds: true
16:50:03.837 [AsyncHttpClient-1-2] DEBUG io.netty.util.ResourceLeakDetectorFactory - Loaded default ResourceLeakDetector: io.netty.util.ResourceLeakDetector@271640cd
16:50:03.855 [AsyncHttpClient-1-2] DEBUG org.asynchttpclient.netty.channel.NettyConnectListener - Using new Channel '[id: 0x625a00e3, L:/127.0.0.1:64425 - R:localhost/127.0.0.1:64633]' for 'POST' to '/session'
16:50:03.879 [AsyncHttpClient-1-2] DEBUG io.netty.util.Recycler - -Dio.netty.recycler.maxCapacityPerThread: 4096
16:50:03.879 [AsyncHttpClient-1-2] DEBUG io.netty.util.Recycler - -Dio.netty.recycler.ratio: 8
16:50:03.879 [AsyncHttpClient-1-2] DEBUG io.netty.util.Recycler - -Dio.netty.recycler.chunkSize: 32
16:50:03.879 [AsyncHttpClient-1-2] DEBUG io.netty.util.Recycler - -Dio.netty.recycler.blocking: false
16:50:04.782 [AsyncHttpClient-1-2] DEBUG io.netty.handler.codec.compression.Brotli - brotli4j not in the classpath; Brotli support will be unavailable.
16:50:04.783 [AsyncHttpClient-1-2] DEBUG org.asynchttpclient.netty.handler.HttpHandler - 

Request DefaultHttpRequest(decodeResult: success, version: HTTP/1.1)
POST /session HTTP/1.1
User-Agent: selenium/4.1.2 (java windows)
Content-Length: 457
Content-Type: application/json; charset=utf-8
host: localhost:64633
accept: */*

Response DefaultHttpResponse(decodeResult: success, version: HTTP/1.1)
HTTP/1.1 200 OK
Content-Type: application/json; charset=utf-8
cache-control: no-cache
content-length: 787

16:50:04.797 [AsyncHttpClient-1-2] DEBUG org.asynchttpclient.netty.channel.ChannelManager - Adding key: http://localhost:64633 for channel [id: 0x625a00e3, L:/127.0.0.1:64425 - R:localhost/127.0.0.1:64633]
16:50:04.906 [AsyncHttpClient-1-3] DEBUG org.asynchttpclient.netty.channel.NettyConnectListener - Using new Channel '[id: 0xfbaa584b, L:/127.0.0.1:64434 - R:localhost/127.0.0.1:64426]' for 'GET' to '/json/version'
16:50:04.914 [AsyncHttpClient-1-3] DEBUG org.asynchttpclient.netty.handler.HttpHandler - 

Request DefaultFullHttpRequest(decodeResult: success, version: HTTP/1.1, content: EmptyByteBufBE)
GET /json/version HTTP/1.1
User-Agent: selenium/4.1.2 (java windows)
host: localhost:64426
accept: */*

Response DefaultHttpResponse(decodeResult: success, version: HTTP/1.1)
HTTP/1.1 200 OK
Content-Type: application/json; charset=UTF-8
content-length: 429

16:50:04.915 [AsyncHttpClient-1-3] DEBUG org.asynchttpclient.netty.channel.ChannelManager - Adding key: http://localhost:64426 for channel [id: 0xfbaa584b, L:/127.0.0.1:64434 - R:localhost/127.0.0.1:64426]
16:50:04.924 [main] DEBUG io.netty.util.internal.ThreadLocalRandom - -Dio.netty.initialSeedUniquifier: 0x0e1154187342b0f9
16:50:04.933 [AsyncHttpClient-1-4] DEBUG org.asynchttpclient.netty.channel.NettyConnectListener - Using new Channel '[id: 0xe2281b50, L:/127.0.0.1:64435 - R:localhost/127.0.0.1:64426]' for 'GET' to '/devtools/browser/c07cda45-8c75-40f5-89c1-6c2d01662b41'
16:50:04.944 [AsyncHttpClient-1-4] DEBUG org.asynchttpclient.netty.handler.WebSocketHandler - 

Request DefaultFullHttpRequest(decodeResult: success, version: HTTP/1.1, content: EmptyByteBufBE)
GET /devtools/browser/c07cda45-8c75-40f5-89c1-6c2d01662b41 HTTP/1.1
upgrade: websocket
connection: upgrade
sec-websocket-key: jOsyxNrMjeeUkWCusiPX4Q==
sec-websocket-version: 13
origin: http://localhost:64426
host: localhost:64426
accept: */*
user-agent: AHC/2.1

Response DefaultHttpResponse(decodeResult: success, version: HTTP/1.1)
HTTP/1.1 101 WebSocket Protocol Handshake
Upgrade: WebSocket
Connection: Upgrade
Sec-WebSocket-Accept: MMaruY/vPbUDIjOQUDCmbVtbxSU=

16:50:05.680 [AsyncHttpClient-1-1] DEBUG org.asynchttpclient.netty.channel.DefaultChannelPool - Entry count for : http://localhost:64426 : 1
16:50:05.680 [AsyncHttpClient-1-1] DEBUG org.asynchttpclient.netty.channel.DefaultChannelPool - Entry count for : http://localhost:64633 : 1
16:50:06.780 [AsyncHttpClient-1-1] DEBUG org.asynchttpclient.netty.channel.DefaultChannelPool - Entry count for : http://localhost:64426 : 1
16:50:06.780 [AsyncHttpClient-1-1] DEBUG org.asynchttpclient.netty.channel.DefaultChannelPool - Entry count for : http://localhost:64633 : 1
16:50:06.935 [main] DEBUG net.thucydides.core.reflection.ClassFinder - Could not load class .CucumberTestSuite
16:50:06.936 [main] DEBUG net.thucydides.core.reflection.ClassFinder - Could not load class .Utils.General
16:50:06.936 [main] DEBUG net.thucydides.core.reflection.ClassFinder - Could not load class .starter.pages.LoginPage
16:50:06.936 [main] DEBUG net.thucydides.core.reflection.ClassFinder - Could not load class .starter.pages.ManageAdminPage
16:50:06.936 [main] DEBUG net.thucydides.core.reflection.ClassFinder - Could not load class .starter.pages.ManageMembershipPage
16:50:06.936 [main] DEBUG net.thucydides.core.reflection.ClassFinder - Could not load class .starter.pages.ManageOfflineBookingPage
16:50:06.936 [main] DEBUG net.thucydides.core.reflection.ClassFinder - Could not load class .starter.pages.ManageOfflineClassPage
16:50:06.936 [main] DEBUG net.thucydides.core.reflection.ClassFinder - Could not load class .starter.pages.ManageOnlineClassPage
16:50:06.936 [main] DEBUG net.thucydides.core.reflection.ClassFinder - Could not load class .starter.stepdefinitions.LoginSteps
16:50:06.936 [main] DEBUG net.thucydides.core.reflection.ClassFinder - Could not load class .starter.stepdefinitions.ManageAdminSteps
16:50:06.936 [main] DEBUG net.thucydides.core.reflection.ClassFinder - Could not load class .starter.stepdefinitions.ManageMembershipSteps
16:50:06.936 [main] DEBUG net.thucydides.core.reflection.ClassFinder - Could not load class .starter.stepdefinitions.ManageOfflineBookingSteps
16:50:06.937 [main] DEBUG net.thucydides.core.reflection.ClassFinder - Could not load class .starter.stepdefinitions.ManageOfflineClassSteps
16:50:06.937 [main] DEBUG net.thucydides.core.reflection.ClassFinder - Could not load class .starter.stepdefinitions.ManageOnlineClassSteps
16:50:06.938 [main] DEBUG net.thucydides.core.reflection.ClassFinder - Could not load class META-INF.versions.9.com.sun.istack.logging.StackHelper
16:50:06.939 [main] DEBUG net.thucydides.core.reflection.ClassFinder - Could not load class META-INF.versions.9.com.sun.xml.bind.v2.runtime.reflect.opt.AccessorInjector
16:50:06.940 [main] DEBUG net.thucydides.core.reflection.ClassFinder - Could not load class META-INF.versions.9.com.sun.xml.bind.v2.runtime.reflect.opt.Injector
16:50:06.941 [main] DEBUG net.thucydides.core.reflection.ClassFinder - Could not load class META-INF.versions.9.com.sun.xml.bind.v2.runtime.reflect.opt.OptimizedAccessorFactory
16:50:06.942 [main] DEBUG net.thucydides.core.reflection.ClassFinder - Could not load class META-INF.versions.9.com.sun.xml.bind.v2.runtime.reflect.opt.OptimizedTransducedAccessorFactory
16:50:06.942 [main] DEBUG net.thucydides.core.reflection.ClassFinder - Could not load class META-INF.versions.9.io.opentelemetry.sdk.internal.CurrentJavaVersionSpecific
16:50:06.943 [main] DEBUG net.thucydides.core.reflection.ClassFinder - Could not load class META-INF.versions.9.io.opentelemetry.sdk.internal.Java9VersionSpecific
16:50:06.943 [main] DEBUG net.thucydides.core.reflection.ClassFinder - Could not load class META-INF.versions.9.javax.xml.bind.ModuleUtil
16:50:06.944 [main] DEBUG net.thucydides.core.reflection.ClassFinder - Could not load class META-INF.versions.9.module-info
16:50:06.945 [main] DEBUG net.thucydides.core.reflection.ClassFinder - Could not load class META-INF.versions.9.org.junit.platform.commons.util.ModuleUtils
16:50:06.948 [main] DEBUG net.thucydides.core.reflection.ClassFinder - Could not load class com.google.gson.internal.
16:50:06.950 [main] DEBUG net.thucydides.core.reflection.ClassFinder - Could not load class com.sun.xml.bind.v2.runtime.output.FastInfosetStreamWriterOutput
16:50:06.955 [main] DEBUG net.thucydides.core.reflection.ClassFinder - Could not load class module-info
16:50:06.996 [Forwarding get on session a3f569d7af779d2b71dc328c9dcbedf1 to remote] DEBUG org.asynchttpclient.netty.request.NettyRequestSender - Using pooled Channel '[id: 0x625a00e3, L:/127.0.0.1:64425 - R:localhost/127.0.0.1:64633]' for 'POST' to 'http://localhost:64633/session/a3f569d7af779d2b71dc328c9dcbedf1/url'
16:50:06.997 [Forwarding get on session a3f569d7af779d2b71dc328c9dcbedf1 to remote] DEBUG org.asynchttpclient.netty.request.NettyRequestSender - Using open Channel [id: 0x625a00e3, L:/127.0.0.1:64425 - R:localhost/127.0.0.1:64633] for POST '/session/a3f569d7af779d2b71dc328c9dcbedf1/url'
16:50:07.598 [AsyncHttpClient-1-2] DEBUG org.asynchttpclient.netty.handler.HttpHandler - 

Request DefaultHttpRequest(decodeResult: success, version: HTTP/1.1)
POST /session/a3f569d7af779d2b71dc328c9dcbedf1/url HTTP/1.1
User-Agent: selenium/4.1.2 (java windows)
Content-Length: 84
Content-Type: application/json; charset=utf-8
host: localhost:64633
accept: */*

Response DefaultHttpResponse(decodeResult: success, version: HTTP/1.1)
HTTP/1.1 200 OK
Content-Type: application/json; charset=utf-8
cache-control: no-cache
content-length: 14

16:50:07.599 [AsyncHttpClient-1-2] DEBUG org.asynchttpclient.netty.channel.ChannelManager - Adding key: http://localhost:64633 for channel [id: 0x625a00e3, L:/127.0.0.1:64425 - R:localhost/127.0.0.1:64633]
16:50:07.609 [Forwarding setTimeout on session a3f569d7af779d2b71dc328c9dcbedf1 to remote] DEBUG org.asynchttpclient.netty.request.NettyRequestSender - Using pooled Channel '[id: 0x625a00e3, L:/127.0.0.1:64425 - R:localhost/127.0.0.1:64633]' for 'POST' to 'http://localhost:64633/session/a3f569d7af779d2b71dc328c9dcbedf1/timeouts'
16:50:07.609 [Forwarding setTimeout on session a3f569d7af779d2b71dc328c9dcbedf1 to remote] DEBUG org.asynchttpclient.netty.request.NettyRequestSender - Using open Channel [id: 0x625a00e3, L:/127.0.0.1:64425 - R:localhost/127.0.0.1:64633] for POST '/session/a3f569d7af779d2b71dc328c9dcbedf1/timeouts'
16:50:07.611 [AsyncHttpClient-1-2] DEBUG org.asynchttpclient.netty.handler.HttpHandler - 

Request DefaultHttpRequest(decodeResult: success, version: HTTP/1.1)
POST /session/a3f569d7af779d2b71dc328c9dcbedf1/timeouts HTTP/1.1
User-Agent: selenium/4.1.2 (java windows)
Content-Length: 22
Content-Type: application/json; charset=utf-8
host: localhost:64633
accept: */*

Response DefaultHttpResponse(decodeResult: success, version: HTTP/1.1)
HTTP/1.1 200 OK
Content-Type: application/json; charset=utf-8
cache-control: no-cache
content-length: 14

16:50:07.611 [AsyncHttpClient-1-2] DEBUG org.asynchttpclient.netty.channel.ChannelManager - Adding key: http://localhost:64633 for channel [id: 0x625a00e3, L:/127.0.0.1:64425 - R:localhost/127.0.0.1:64633]
16:50:07.620 [Forwarding getCurrentUrl on session a3f569d7af779d2b71dc328c9dcbedf1 to remote] DEBUG org.asynchttpclient.netty.request.NettyRequestSender - Using pooled Channel '[id: 0x625a00e3, L:/127.0.0.1:64425 - R:localhost/127.0.0.1:64633]' for 'GET' to 'http://localhost:64633/session/a3f569d7af779d2b71dc328c9dcbedf1/url'
16:50:07.620 [Forwarding getCurrentUrl on session a3f569d7af779d2b71dc328c9dcbedf1 to remote] DEBUG org.asynchttpclient.netty.request.NettyRequestSender - Using open Channel [id: 0x625a00e3, L:/127.0.0.1:64425 - R:localhost/127.0.0.1:64633] for GET '/session/a3f569d7af779d2b71dc328c9dcbedf1/url'
16:50:07.643 [AsyncHttpClient-1-2] DEBUG org.asynchttpclient.netty.handler.HttpHandler - 

Request DefaultFullHttpRequest(decodeResult: success, version: HTTP/1.1, content: EmptyByteBufBE)
GET /session/a3f569d7af779d2b71dc328c9dcbedf1/url HTTP/1.1
User-Agent: selenium/4.1.2 (java windows)
Cache-Control: no-cache
Content-Type: application/json; charset=utf-8
host: localhost:64633
accept: */*

Response DefaultHttpResponse(decodeResult: success, version: HTTP/1.1)
HTTP/1.1 200 OK
Content-Type: application/json; charset=utf-8
cache-control: no-cache
content-length: 66

16:50:07.643 [AsyncHttpClient-1-2] DEBUG org.asynchttpclient.netty.channel.ChannelManager - Adding key: http://localhost:64633 for channel [id: 0x625a00e3, L:/127.0.0.1:64425 - R:localhost/127.0.0.1:64633]
16:50:07.703 [main] DEBUG net.serenitybdd.core.photography.Darkroom - Opening darkroom
16:50:07.705 [Forwarding screenshot on session a3f569d7af779d2b71dc328c9dcbedf1 to remote] DEBUG org.asynchttpclient.netty.request.NettyRequestSender - Using pooled Channel '[id: 0x625a00e3, L:/127.0.0.1:64425 - R:localhost/127.0.0.1:64633]' for 'GET' to 'http://localhost:64633/session/a3f569d7af779d2b71dc328c9dcbedf1/screenshot'
16:50:07.705 [Darkroom Processing Line] DEBUG net.serenitybdd.core.photography.DarkroomProcessingLine - Darkroom processing line starting up
16:50:07.706 [Forwarding screenshot on session a3f569d7af779d2b71dc328c9dcbedf1 to remote] DEBUG org.asynchttpclient.netty.request.NettyRequestSender - Using open Channel [id: 0x625a00e3, L:/127.0.0.1:64425 - R:localhost/127.0.0.1:64633] for GET '/session/a3f569d7af779d2b71dc328c9dcbedf1/screenshot'
16:50:07.883 [AsyncHttpClient-1-1] DEBUG org.asynchttpclient.netty.channel.DefaultChannelPool - Entry count for : http://localhost:64426 : 1
16:50:08.023 [AsyncHttpClient-1-2] DEBUG org.asynchttpclient.netty.handler.HttpHandler - 

Request DefaultFullHttpRequest(decodeResult: success, version: HTTP/1.1, content: EmptyByteBufBE)
GET /session/a3f569d7af779d2b71dc328c9dcbedf1/screenshot HTTP/1.1
User-Agent: selenium/4.1.2 (java windows)
Cache-Control: no-cache
Content-Type: application/json; charset=utf-8
host: localhost:64633
accept: */*

Response DefaultHttpResponse(decodeResult: success, version: HTTP/1.1)
HTTP/1.1 200 OK
Content-Type: application/json; charset=utf-8
cache-control: no-cache
content-length: 108320

16:50:08.028 [AsyncHttpClient-1-2] DEBUG org.asynchttpclient.netty.channel.ChannelManager - Adding key: http://localhost:64633 for channel [id: 0x625a00e3, L:/127.0.0.1:64425 - R:localhost/127.0.0.1:64633]
16:50:08.120 [main] DEBUG net.serenitybdd.core.photography.Darkroom - Send negative for processing for target\site\serenity\3b7311b973f6b8f048c5d2d3758a7902074f05907701429a7be41a38c4aa6bb1.png
16:50:08.121 [Darkroom Processing Line] DEBUG net.serenitybdd.core.photography.DarkroomProcessingLine - Processing screenshot image in /var/screenshots/screenshot-5206712483169255018
16:50:08.121 [Darkroom Processing Line] DEBUG net.serenitybdd.core.photography.DarkroomProcessingLine - Saving screenshot to target\site\serenity\3b7311b973f6b8f048c5d2d3758a7902074f05907701429a7be41a38c4aa6bb1.png
16:50:08.124 [main] DEBUG net.thucydides.core.steps.StepInterceptor - STARTING STEP: ManageAdminSteps.iAmOnManageAdminMenu - maximiseScreen
16:50:08.130 [Forwarding maximizeCurrentWindow on session a3f569d7af779d2b71dc328c9dcbedf1 to remote] DEBUG org.asynchttpclient.netty.request.NettyRequestSender - Using pooled Channel '[id: 0x625a00e3, L:/127.0.0.1:64425 - R:localhost/127.0.0.1:64633]' for 'POST' to 'http://localhost:64633/session/a3f569d7af779d2b71dc328c9dcbedf1/window/maximize'
16:50:08.130 [Forwarding maximizeCurrentWindow on session a3f569d7af779d2b71dc328c9dcbedf1 to remote] DEBUG org.asynchttpclient.netty.request.NettyRequestSender - Using open Channel [id: 0x625a00e3, L:/127.0.0.1:64425 - R:localhost/127.0.0.1:64633] for POST '/session/a3f569d7af779d2b71dc328c9dcbedf1/window/maximize'
16:50:08.256 [AsyncHttpClient-1-2] DEBUG org.asynchttpclient.netty.handler.HttpHandler - 

Request DefaultHttpRequest(decodeResult: success, version: HTTP/1.1)
POST /session/a3f569d7af779d2b71dc328c9dcbedf1/window/maximize HTTP/1.1
User-Agent: selenium/4.1.2 (java windows)
Content-Length: 3
Content-Type: application/json; charset=utf-8
host: localhost:64633
accept: */*

Response DefaultHttpResponse(decodeResult: success, version: HTTP/1.1)
HTTP/1.1 200 OK
Content-Type: application/json; charset=utf-8
cache-control: no-cache
content-length: 51

16:50:08.257 [AsyncHttpClient-1-2] DEBUG org.asynchttpclient.netty.channel.ChannelManager - Adding key: http://localhost:64633 for channel [id: 0x625a00e3, L:/127.0.0.1:64425 - R:localhost/127.0.0.1:64633]
16:50:08.267 [Forwarding screenshot on session a3f569d7af779d2b71dc328c9dcbedf1 to remote] DEBUG org.asynchttpclient.netty.request.NettyRequestSender - Using pooled Channel '[id: 0x625a00e3, L:/127.0.0.1:64425 - R:localhost/127.0.0.1:64633]' for 'GET' to 'http://localhost:64633/session/a3f569d7af779d2b71dc328c9dcbedf1/screenshot'
16:50:08.267 [Forwarding screenshot on session a3f569d7af779d2b71dc328c9dcbedf1 to remote] DEBUG org.asynchttpclient.netty.request.NettyRequestSender - Using open Channel [id: 0x625a00e3, L:/127.0.0.1:64425 - R:localhost/127.0.0.1:64633] for GET '/session/a3f569d7af779d2b71dc328c9dcbedf1/screenshot'
16:50:08.459 [AsyncHttpClient-1-2] DEBUG org.asynchttpclient.netty.handler.HttpHandler - 

Request DefaultFullHttpRequest(decodeResult: success, version: HTTP/1.1, content: EmptyByteBufBE)
GET /session/a3f569d7af779d2b71dc328c9dcbedf1/screenshot HTTP/1.1
User-Agent: selenium/4.1.2 (java windows)
Cache-Control: no-cache
Content-Type: application/json; charset=utf-8
host: localhost:64633
accept: */*

Response DefaultHttpResponse(decodeResult: success, version: HTTP/1.1)
HTTP/1.1 200 OK
Content-Type: application/json; charset=utf-8
cache-control: no-cache
content-length: 154060

16:50:08.462 [AsyncHttpClient-1-2] DEBUG org.asynchttpclient.netty.channel.ChannelManager - Adding key: http://localhost:64633 for channel [id: 0x625a00e3, L:/127.0.0.1:64425 - R:localhost/127.0.0.1:64633]
16:50:08.476 [main] DEBUG net.serenitybdd.core.photography.Darkroom - Send negative for processing for target\site\serenity\1735f6915419bb2f63fb539cefff3bd1a7d2b16680bcb9f439f8381a232e812d.png
16:50:08.480 [main] DEBUG net.thucydides.core.steps.StepInterceptor - STEP DONE: maximiseScreen
16:50:08.493 [main] DEBUG net.thucydides.core.steps.StepInterceptor - STARTING STEP: ManageAdminSteps.iAmOnManageAdminMenu - clickManageAdminMenu
16:50:08.503 [Forwarding findElement on session a3f569d7af779d2b71dc328c9dcbedf1 to remote] DEBUG org.asynchttpclient.netty.request.NettyRequestSender - Using pooled Channel '[id: 0x625a00e3, L:/127.0.0.1:64425 - R:localhost/127.0.0.1:64633]' for 'POST' to 'http://localhost:64633/session/a3f569d7af779d2b71dc328c9dcbedf1/element'
16:50:08.503 [Forwarding findElement on session a3f569d7af779d2b71dc328c9dcbedf1 to remote] DEBUG org.asynchttpclient.netty.request.NettyRequestSender - Using open Channel [id: 0x625a00e3, L:/127.0.0.1:64425 - R:localhost/127.0.0.1:64633] for POST '/session/a3f569d7af779d2b71dc328c9dcbedf1/element'
16:50:08.517 [AsyncHttpClient-1-2] DEBUG org.asynchttpclient.netty.handler.HttpHandler - 

Request DefaultHttpRequest(decodeResult: success, version: HTTP/1.1)
POST /session/a3f569d7af779d2b71dc328c9dcbedf1/element HTTP/1.1
User-Agent: selenium/4.1.2 (java windows)
Content-Length: 97
Content-Type: application/json; charset=utf-8
host: localhost:64633
accept: */*

Response DefaultHttpResponse(decodeResult: success, version: HTTP/1.1)
HTTP/1.1 200 OK
Content-Type: application/json; charset=utf-8
cache-control: no-cache
content-length: 88

16:50:08.518 [AsyncHttpClient-1-2] DEBUG org.asynchttpclient.netty.channel.ChannelManager - Adding key: http://localhost:64633 for channel [id: 0x625a00e3, L:/127.0.0.1:64425 - R:localhost/127.0.0.1:64633]
16:50:08.521 [Forwarding getElementTagName on session a3f569d7af779d2b71dc328c9dcbedf1 to remote] DEBUG org.asynchttpclient.netty.request.NettyRequestSender - Using pooled Channel '[id: 0x625a00e3, L:/127.0.0.1:64425 - R:localhost/127.0.0.1:64633]' for 'GET' to 'http://localhost:64633/session/a3f569d7af779d2b71dc328c9dcbedf1/element/69f4323e-dd96-4858-8c86-29aa8653f206/name'
16:50:08.521 [Forwarding getElementTagName on session a3f569d7af779d2b71dc328c9dcbedf1 to remote] DEBUG org.asynchttpclient.netty.request.NettyRequestSender - Using open Channel [id: 0x625a00e3, L:/127.0.0.1:64425 - R:localhost/127.0.0.1:64633] for GET '/session/a3f569d7af779d2b71dc328c9dcbedf1/element/69f4323e-dd96-4858-8c86-29aa8653f206/name'
16:50:08.529 [AsyncHttpClient-1-2] DEBUG org.asynchttpclient.netty.handler.HttpHandler - 

Request DefaultFullHttpRequest(decodeResult: success, version: HTTP/1.1, content: EmptyByteBufBE)
GET /session/a3f569d7af779d2b71dc328c9dcbedf1/element/69f4323e-dd96-4858-8c86-29aa8653f206/name HTTP/1.1
User-Agent: selenium/4.1.2 (java windows)
Cache-Control: no-cache
Content-Type: application/json; charset=utf-8
host: localhost:64633
accept: */*

Response DefaultHttpResponse(decodeResult: success, version: HTTP/1.1)
HTTP/1.1 200 OK
Content-Type: application/json; charset=utf-8
cache-control: no-cache
content-length: 14

16:50:08.530 [AsyncHttpClient-1-2] DEBUG org.asynchttpclient.netty.channel.ChannelManager - Adding key: http://localhost:64633 for channel [id: 0x625a00e3, L:/127.0.0.1:64425 - R:localhost/127.0.0.1:64633]
16:50:08.532 [Forwarding getElementTagName on session a3f569d7af779d2b71dc328c9dcbedf1 to remote] DEBUG org.asynchttpclient.netty.request.NettyRequestSender - Using pooled Channel '[id: 0x625a00e3, L:/127.0.0.1:64425 - R:localhost/127.0.0.1:64633]' for 'GET' to 'http://localhost:64633/session/a3f569d7af779d2b71dc328c9dcbedf1/element/69f4323e-dd96-4858-8c86-29aa8653f206/name'
16:50:08.533 [Forwarding getElementTagName on session a3f569d7af779d2b71dc328c9dcbedf1 to remote] DEBUG org.asynchttpclient.netty.request.NettyRequestSender - Using open Channel [id: 0x625a00e3, L:/127.0.0.1:64425 - R:localhost/127.0.0.1:64633] for GET '/session/a3f569d7af779d2b71dc328c9dcbedf1/element/69f4323e-dd96-4858-8c86-29aa8653f206/name'
16:50:08.537 [AsyncHttpClient-1-2] DEBUG org.asynchttpclient.netty.handler.HttpHandler - 

Request DefaultFullHttpRequest(decodeResult: success, version: HTTP/1.1, content: EmptyByteBufBE)
GET /session/a3f569d7af779d2b71dc328c9dcbedf1/element/69f4323e-dd96-4858-8c86-29aa8653f206/name HTTP/1.1
User-Agent: selenium/4.1.2 (java windows)
Cache-Control: no-cache
Content-Type: application/json; charset=utf-8
host: localhost:64633
accept: */*

Response DefaultHttpResponse(decodeResult: success, version: HTTP/1.1)
HTTP/1.1 200 OK
Content-Type: application/json; charset=utf-8
cache-control: no-cache
content-length: 14

16:50:08.537 [AsyncHttpClient-1-2] DEBUG org.asynchttpclient.netty.channel.ChannelManager - Adding key: http://localhost:64633 for channel [id: 0x625a00e3, L:/127.0.0.1:64425 - R:localhost/127.0.0.1:64633]
16:50:08.540 [Forwarding findElement on session a3f569d7af779d2b71dc328c9dcbedf1 to remote] DEBUG org.asynchttpclient.netty.request.NettyRequestSender - Using pooled Channel '[id: 0x625a00e3, L:/127.0.0.1:64425 - R:localhost/127.0.0.1:64633]' for 'POST' to 'http://localhost:64633/session/a3f569d7af779d2b71dc328c9dcbedf1/element'
16:50:08.542 [Forwarding findElement on session a3f569d7af779d2b71dc328c9dcbedf1 to remote] DEBUG org.asynchttpclient.netty.request.NettyRequestSender - Using open Channel [id: 0x625a00e3, L:/127.0.0.1:64425 - R:localhost/127.0.0.1:64633] for POST '/session/a3f569d7af779d2b71dc328c9dcbedf1/element'
16:50:08.550 [AsyncHttpClient-1-2] DEBUG org.asynchttpclient.netty.handler.HttpHandler - 

Request DefaultHttpRequest(decodeResult: success, version: HTTP/1.1)
POST /session/a3f569d7af779d2b71dc328c9dcbedf1/element HTTP/1.1
User-Agent: selenium/4.1.2 (java windows)
Content-Length: 97
Content-Type: application/json; charset=utf-8
host: localhost:64633
accept: */*

Response DefaultHttpResponse(decodeResult: success, version: HTTP/1.1)
HTTP/1.1 200 OK
Content-Type: application/json; charset=utf-8
cache-control: no-cache
content-length: 88

16:50:08.550 [AsyncHttpClient-1-2] DEBUG org.asynchttpclient.netty.channel.ChannelManager - Adding key: http://localhost:64633 for channel [id: 0x625a00e3, L:/127.0.0.1:64425 - R:localhost/127.0.0.1:64633]
16:50:08.553 [Forwarding clickElement on session a3f569d7af779d2b71dc328c9dcbedf1 to remote] DEBUG org.asynchttpclient.netty.request.NettyRequestSender - Using pooled Channel '[id: 0x625a00e3, L:/127.0.0.1:64425 - R:localhost/127.0.0.1:64633]' for 'POST' to 'http://localhost:64633/session/a3f569d7af779d2b71dc328c9dcbedf1/element/69f4323e-dd96-4858-8c86-29aa8653f206/click'
16:50:08.553 [Forwarding clickElement on session a3f569d7af779d2b71dc328c9dcbedf1 to remote] DEBUG org.asynchttpclient.netty.request.NettyRequestSender - Using open Channel [id: 0x625a00e3, L:/127.0.0.1:64425 - R:localhost/127.0.0.1:64633] for POST '/session/a3f569d7af779d2b71dc328c9dcbedf1/element/69f4323e-dd96-4858-8c86-29aa8653f206/click'
16:50:08.783 [AsyncHttpClient-1-2] DEBUG org.asynchttpclient.netty.handler.HttpHandler - 

Request DefaultHttpRequest(decodeResult: success, version: HTTP/1.1)
POST /session/a3f569d7af779d2b71dc328c9dcbedf1/element/69f4323e-dd96-4858-8c86-29aa8653f206/click HTTP/1.1
User-Agent: selenium/4.1.2 (java windows)
Content-Length: 50
Content-Type: application/json; charset=utf-8
host: localhost:64633
accept: */*

Response DefaultHttpResponse(decodeResult: success, version: HTTP/1.1)
HTTP/1.1 200 OK
Content-Type: application/json; charset=utf-8
cache-control: no-cache
content-length: 14

16:50:08.783 [AsyncHttpClient-1-2] DEBUG org.asynchttpclient.netty.channel.ChannelManager - Adding key: http://localhost:64633 for channel [id: 0x625a00e3, L:/127.0.0.1:64425 - R:localhost/127.0.0.1:64633]
16:50:08.795 [Forwarding screenshot on session a3f569d7af779d2b71dc328c9dcbedf1 to remote] DEBUG org.asynchttpclient.netty.request.NettyRequestSender - Using pooled Channel '[id: 0x625a00e3, L:/127.0.0.1:64425 - R:localhost/127.0.0.1:64633]' for 'GET' to 'http://localhost:64633/session/a3f569d7af779d2b71dc328c9dcbedf1/screenshot'
16:50:08.795 [Forwarding screenshot on session a3f569d7af779d2b71dc328c9dcbedf1 to remote] DEBUG org.asynchttpclient.netty.request.NettyRequestSender - Using open Channel [id: 0x625a00e3, L:/127.0.0.1:64425 - R:localhost/127.0.0.1:64633] for GET '/session/a3f569d7af779d2b71dc328c9dcbedf1/screenshot'
16:50:08.981 [AsyncHttpClient-1-1] DEBUG org.asynchttpclient.netty.channel.DefaultChannelPool - Entry count for : http://localhost:64426 : 1
16:50:09.039 [AsyncHttpClient-1-2] DEBUG org.asynchttpclient.netty.handler.HttpHandler - 

Request DefaultFullHttpRequest(decodeResult: success, version: HTTP/1.1, content: EmptyByteBufBE)
GET /session/a3f569d7af779d2b71dc328c9dcbedf1/screenshot HTTP/1.1
User-Agent: selenium/4.1.2 (java windows)
Cache-Control: no-cache
Content-Type: application/json; charset=utf-8
host: localhost:64633
accept: */*

Response DefaultHttpResponse(decodeResult: success, version: HTTP/1.1)
HTTP/1.1 200 OK
Content-Type: application/json; charset=utf-8
cache-control: no-cache
content-length: 118588

16:50:09.041 [AsyncHttpClient-1-2] DEBUG org.asynchttpclient.netty.channel.ChannelManager - Adding key: http://localhost:64633 for channel [id: 0x625a00e3, L:/127.0.0.1:64425 - R:localhost/127.0.0.1:64633]
16:50:09.045 [main] DEBUG net.serenitybdd.core.photography.Darkroom - Send negative for processing for target\site\serenity\0a4a7d26532983ea68c0d68e10514422d9971025f30382f723aad37a0d994f8d.png
16:50:09.045 [main] DEBUG net.thucydides.core.steps.StepInterceptor - STEP DONE: clickManageAdminMenu
16:50:09.066 [main] DEBUG net.thucydides.core.steps.StepInterceptor - STARTING STEP: ManageAdminSteps.iAmOnManageAdminMenu - validateOnManageAdminMenu
16:50:09.073 [Forwarding findElement on session a3f569d7af779d2b71dc328c9dcbedf1 to remote] DEBUG org.asynchttpclient.netty.request.NettyRequestSender - Using pooled Channel '[id: 0x625a00e3, L:/127.0.0.1:64425 - R:localhost/127.0.0.1:64633]' for 'POST' to 'http://localhost:64633/session/a3f569d7af779d2b71dc328c9dcbedf1/element'
16:50:09.073 [Forwarding findElement on session a3f569d7af779d2b71dc328c9dcbedf1 to remote] DEBUG org.asynchttpclient.netty.request.NettyRequestSender - Using open Channel [id: 0x625a00e3, L:/127.0.0.1:64425 - R:localhost/127.0.0.1:64633] for POST '/session/a3f569d7af779d2b71dc328c9dcbedf1/element'
16:50:09.089 [AsyncHttpClient-1-2] DEBUG org.asynchttpclient.netty.handler.HttpHandler - 

Request DefaultHttpRequest(decodeResult: success, version: HTTP/1.1)
POST /session/a3f569d7af779d2b71dc328c9dcbedf1/element HTTP/1.1
User-Agent: selenium/4.1.2 (java windows)
Content-Length: 74
Content-Type: application/json; charset=utf-8
host: localhost:64633
accept: */*

Response DefaultHttpResponse(decodeResult: success, version: HTTP/1.1)
HTTP/1.1 200 OK
Content-Type: application/json; charset=utf-8
cache-control: no-cache
content-length: 88

16:50:09.089 [AsyncHttpClient-1-2] DEBUG org.asynchttpclient.netty.channel.ChannelManager - Adding key: http://localhost:64633 for channel [id: 0x625a00e3, L:/127.0.0.1:64425 - R:localhost/127.0.0.1:64633]
16:50:09.091 [Forwarding getElementText on session a3f569d7af779d2b71dc328c9dcbedf1 to remote] DEBUG org.asynchttpclient.netty.request.NettyRequestSender - Using pooled Channel '[id: 0x625a00e3, L:/127.0.0.1:64425 - R:localhost/127.0.0.1:64633]' for 'GET' to 'http://localhost:64633/session/a3f569d7af779d2b71dc328c9dcbedf1/element/fe44098c-65ee-4467-bad4-7021aac9ee26/text'
16:50:09.091 [Forwarding getElementText on session a3f569d7af779d2b71dc328c9dcbedf1 to remote] DEBUG org.asynchttpclient.netty.request.NettyRequestSender - Using open Channel [id: 0x625a00e3, L:/127.0.0.1:64425 - R:localhost/127.0.0.1:64633] for GET '/session/a3f569d7af779d2b71dc328c9dcbedf1/element/fe44098c-65ee-4467-bad4-7021aac9ee26/text'
16:50:09.109 [AsyncHttpClient-1-2] DEBUG org.asynchttpclient.netty.handler.HttpHandler - 

Request DefaultFullHttpRequest(decodeResult: success, version: HTTP/1.1, content: EmptyByteBufBE)
GET /session/a3f569d7af779d2b71dc328c9dcbedf1/element/fe44098c-65ee-4467-bad4-7021aac9ee26/text HTTP/1.1
User-Agent: selenium/4.1.2 (java windows)
Cache-Control: no-cache
Content-Type: application/json; charset=utf-8
host: localhost:64633
accept: */*

Response DefaultHttpResponse(decodeResult: success, version: HTTP/1.1)
HTTP/1.1 200 OK
Content-Type: application/json; charset=utf-8
cache-control: no-cache
content-length: 24

16:50:09.110 [AsyncHttpClient-1-2] DEBUG org.asynchttpclient.netty.channel.ChannelManager - Adding key: http://localhost:64633 for channel [id: 0x625a00e3, L:/127.0.0.1:64425 - R:localhost/127.0.0.1:64633]
16:50:09.116 [Forwarding screenshot on session a3f569d7af779d2b71dc328c9dcbedf1 to remote] DEBUG org.asynchttpclient.netty.request.NettyRequestSender - Using pooled Channel '[id: 0x625a00e3, L:/127.0.0.1:64425 - R:localhost/127.0.0.1:64633]' for 'GET' to 'http://localhost:64633/session/a3f569d7af779d2b71dc328c9dcbedf1/screenshot'
16:50:09.116 [Forwarding screenshot on session a3f569d7af779d2b71dc328c9dcbedf1 to remote] DEBUG org.asynchttpclient.netty.request.NettyRequestSender - Using open Channel [id: 0x625a00e3, L:/127.0.0.1:64425 - R:localhost/127.0.0.1:64633] for GET '/session/a3f569d7af779d2b71dc328c9dcbedf1/screenshot'
16:50:09.268 [AsyncHttpClient-1-2] DEBUG org.asynchttpclient.netty.handler.HttpHandler - 

Request DefaultFullHttpRequest(decodeResult: success, version: HTTP/1.1, content: EmptyByteBufBE)
GET /session/a3f569d7af779d2b71dc328c9dcbedf1/screenshot HTTP/1.1
User-Agent: selenium/4.1.2 (java windows)
Cache-Control: no-cache
Content-Type: application/json; charset=utf-8
host: localhost:64633
accept: */*

Response DefaultHttpResponse(decodeResult: success, version: HTTP/1.1)
HTTP/1.1 200 OK
Content-Type: application/json; charset=utf-8
cache-control: no-cache
content-length: 118588

16:50:09.270 [AsyncHttpClient-1-2] DEBUG org.asynchttpclient.netty.channel.ChannelManager - Adding key: http://localhost:64633 for channel [id: 0x625a00e3, L:/127.0.0.1:64425 - R:localhost/127.0.0.1:64633]
16:50:09.273 [main] DEBUG net.serenitybdd.core.photography.Darkroom - Send negative for processing for target\site\serenity\0a4a7d26532983ea68c0d68e10514422d9971025f30382f723aad37a0d994f8d.png
16:50:09.273 [main] DEBUG net.thucydides.core.steps.StepInterceptor - STEP DONE: validateOnManageAdminMenu
  &amp#27;[32mGiven &amp#27;[0m&amp#27;[32mI am on manage admin menu&amp#27;[0m                                                       &amp#27;[90m# starter.stepdefinitions.ManageAdminSteps.iAmOnManageAdminMenu()&amp#27;[0m
16:50:09.311 [main] DEBUG net.thucydides.core.steps.StepInterceptor - STARTING STEP: ManageAdminSteps.iClickEditButton - clickEdit
16:50:09.317 [Forwarding findElement on session a3f569d7af779d2b71dc328c9dcbedf1 to remote] DEBUG org.asynchttpclient.netty.request.NettyRequestSender - Using pooled Channel '[id: 0x625a00e3, L:/127.0.0.1:64425 - R:localhost/127.0.0.1:64633]' for 'POST' to 'http://localhost:64633/session/a3f569d7af779d2b71dc328c9dcbedf1/element'
16:50:09.317 [Forwarding findElement on session a3f569d7af779d2b71dc328c9dcbedf1 to remote] DEBUG org.asynchttpclient.netty.request.NettyRequestSender - Using open Channel [id: 0x625a00e3, L:/127.0.0.1:64425 - R:localhost/127.0.0.1:64633] for POST '/session/a3f569d7af779d2b71dc328c9dcbedf1/element'
16:50:09.332 [AsyncHttpClient-1-2] DEBUG org.asynchttpclient.netty.handler.HttpHandler - 

Request DefaultHttpRequest(decodeResult: success, version: HTTP/1.1)
POST /session/a3f569d7af779d2b71dc328c9dcbedf1/element HTTP/1.1
User-Agent: selenium/4.1.2 (java windows)
Content-Length: 111
Content-Type: application/json; charset=utf-8
host: localhost:64633
accept: */*

Response DefaultHttpResponse(decodeResult: success, version: HTTP/1.1)
HTTP/1.1 200 OK
Content-Type: application/json; charset=utf-8
cache-control: no-cache
content-length: 88

16:50:09.332 [AsyncHttpClient-1-2] DEBUG org.asynchttpclient.netty.channel.ChannelManager - Adding key: http://localhost:64633 for channel [id: 0x625a00e3, L:/127.0.0.1:64425 - R:localhost/127.0.0.1:64633]
16:50:09.335 [Forwarding getElementTagName on session a3f569d7af779d2b71dc328c9dcbedf1 to remote] DEBUG org.asynchttpclient.netty.request.NettyRequestSender - Using pooled Channel '[id: 0x625a00e3, L:/127.0.0.1:64425 - R:localhost/127.0.0.1:64633]' for 'GET' to 'http://localhost:64633/session/a3f569d7af779d2b71dc328c9dcbedf1/element/0ba5d7c9-9d08-4ab1-9d08-b9c7d352b380/name'
16:50:09.335 [Forwarding getElementTagName on session a3f569d7af779d2b71dc328c9dcbedf1 to remote] DEBUG org.asynchttpclient.netty.request.NettyRequestSender - Using open Channel [id: 0x625a00e3, L:/127.0.0.1:64425 - R:localhost/127.0.0.1:64633] for GET '/session/a3f569d7af779d2b71dc328c9dcbedf1/element/0ba5d7c9-9d08-4ab1-9d08-b9c7d352b380/name'
16:50:09.341 [AsyncHttpClient-1-2] DEBUG org.asynchttpclient.netty.handler.HttpHandler - 

Request DefaultFullHttpRequest(decodeResult: success, version: HTTP/1.1, content: EmptyByteBufBE)
GET /session/a3f569d7af779d2b71dc328c9dcbedf1/element/0ba5d7c9-9d08-4ab1-9d08-b9c7d352b380/name HTTP/1.1
User-Agent: selenium/4.1.2 (java windows)
Cache-Control: no-cache
Content-Type: application/json; charset=utf-8
host: localhost:64633
accept: */*

Response DefaultHttpResponse(decodeResult: success, version: HTTP/1.1)
HTTP/1.1 200 OK
Content-Type: application/json; charset=utf-8
cache-control: no-cache
content-length: 18

16:50:09.341 [AsyncHttpClient-1-2] DEBUG org.asynchttpclient.netty.channel.ChannelManager - Adding key: http://localhost:64633 for channel [id: 0x625a00e3, L:/127.0.0.1:64425 - R:localhost/127.0.0.1:64633]
16:50:09.344 [Forwarding getElementTagName on session a3f569d7af779d2b71dc328c9dcbedf1 to remote] DEBUG org.asynchttpclient.netty.request.NettyRequestSender - Using pooled Channel '[id: 0x625a00e3, L:/127.0.0.1:64425 - R:localhost/127.0.0.1:64633]' for 'GET' to 'http://localhost:64633/session/a3f569d7af779d2b71dc328c9dcbedf1/element/0ba5d7c9-9d08-4ab1-9d08-b9c7d352b380/name'
16:50:09.344 [Forwarding getElementTagName on session a3f569d7af779d2b71dc328c9dcbedf1 to remote] DEBUG org.asynchttpclient.netty.request.NettyRequestSender - Using open Channel [id: 0x625a00e3, L:/127.0.0.1:64425 - R:localhost/127.0.0.1:64633] for GET '/session/a3f569d7af779d2b71dc328c9dcbedf1/element/0ba5d7c9-9d08-4ab1-9d08-b9c7d352b380/name'
16:50:09.349 [AsyncHttpClient-1-2] DEBUG org.asynchttpclient.netty.handler.HttpHandler - 

Request DefaultFullHttpRequest(decodeResult: success, version: HTTP/1.1, content: EmptyByteBufBE)
GET /session/a3f569d7af779d2b71dc328c9dcbedf1/element/0ba5d7c9-9d08-4ab1-9d08-b9c7d352b380/name HTTP/1.1
User-Agent: selenium/4.1.2 (java windows)
Cache-Control: no-cache
Content-Type: application/json; charset=utf-8
host: localhost:64633
accept: */*

Response DefaultHttpResponse(decodeResult: success, version: HTTP/1.1)
HTTP/1.1 200 OK
Content-Type: application/json; charset=utf-8
cache-control: no-cache
content-length: 18

16:50:09.349 [AsyncHttpClient-1-2] DEBUG org.asynchttpclient.netty.channel.ChannelManager - Adding key: http://localhost:64633 for channel [id: 0x625a00e3, L:/127.0.0.1:64425 - R:localhost/127.0.0.1:64633]
16:50:09.356 [Forwarding isElementEnabled on session a3f569d7af779d2b71dc328c9dcbedf1 to remote] DEBUG org.asynchttpclient.netty.request.NettyRequestSender - Using pooled Channel '[id: 0x625a00e3, L:/127.0.0.1:64425 - R:localhost/127.0.0.1:64633]' for 'GET' to 'http://localhost:64633/session/a3f569d7af779d2b71dc328c9dcbedf1/element/0ba5d7c9-9d08-4ab1-9d08-b9c7d352b380/enabled'
16:50:09.356 [Forwarding isElementEnabled on session a3f569d7af779d2b71dc328c9dcbedf1 to remote] DEBUG org.asynchttpclient.netty.request.NettyRequestSender - Using open Channel [id: 0x625a00e3, L:/127.0.0.1:64425 - R:localhost/127.0.0.1:64633] for GET '/session/a3f569d7af779d2b71dc328c9dcbedf1/element/0ba5d7c9-9d08-4ab1-9d08-b9c7d352b380/enabled'
16:50:09.366 [AsyncHttpClient-1-2] DEBUG org.asynchttpclient.netty.handler.HttpHandler - 

Request DefaultFullHttpRequest(decodeResult: success, version: HTTP/1.1, content: EmptyByteBufBE)
GET /session/a3f569d7af779d2b71dc328c9dcbedf1/element/0ba5d7c9-9d08-4ab1-9d08-b9c7d352b380/enabled HTTP/1.1
User-Agent: selenium/4.1.2 (java windows)
Cache-Control: no-cache
Content-Type: application/json; charset=utf-8
host: localhost:64633
accept: */*

Response DefaultHttpResponse(decodeResult: success, version: HTTP/1.1)
HTTP/1.1 200 OK
Content-Type: application/json; charset=utf-8
cache-control: no-cache
content-length: 14

16:50:09.366 [AsyncHttpClient-1-2] DEBUG org.asynchttpclient.netty.channel.ChannelManager - Adding key: http://localhost:64633 for channel [id: 0x625a00e3, L:/127.0.0.1:64425 - R:localhost/127.0.0.1:64633]
16:50:09.370 [Forwarding isElementEnabled on session a3f569d7af779d2b71dc328c9dcbedf1 to remote] DEBUG org.asynchttpclient.netty.request.NettyRequestSender - Using pooled Channel '[id: 0x625a00e3, L:/127.0.0.1:64425 - R:localhost/127.0.0.1:64633]' for 'GET' to 'http://localhost:64633/session/a3f569d7af779d2b71dc328c9dcbedf1/element/0ba5d7c9-9d08-4ab1-9d08-b9c7d352b380/enabled'
16:50:09.370 [Forwarding isElementEnabled on session a3f569d7af779d2b71dc328c9dcbedf1 to remote] DEBUG org.asynchttpclient.netty.request.NettyRequestSender - Using open Channel [id: 0x625a00e3, L:/127.0.0.1:64425 - R:localhost/127.0.0.1:64633] for GET '/session/a3f569d7af779d2b71dc328c9dcbedf1/element/0ba5d7c9-9d08-4ab1-9d08-b9c7d352b380/enabled'
16:50:09.377 [AsyncHttpClient-1-2] DEBUG org.asynchttpclient.netty.handler.HttpHandler - 

Request DefaultFullHttpRequest(decodeResult: success, version: HTTP/1.1, content: EmptyByteBufBE)
GET /session/a3f569d7af779d2b71dc328c9dcbedf1/element/0ba5d7c9-9d08-4ab1-9d08-b9c7d352b380/enabled HTTP/1.1
User-Agent: selenium/4.1.2 (java windows)
Cache-Control: no-cache
Content-Type: application/json; charset=utf-8
host: localhost:64633
accept: */*

Response DefaultHttpResponse(decodeResult: success, version: HTTP/1.1)
HTTP/1.1 200 OK
Content-Type: application/json; charset=utf-8
cache-control: no-cache
content-length: 14

16:50:09.377 [AsyncHttpClient-1-2] DEBUG org.asynchttpclient.netty.channel.ChannelManager - Adding key: http://localhost:64633 for channel [id: 0x625a00e3, L:/127.0.0.1:64425 - R:localhost/127.0.0.1:64633]
16:50:09.381 [Forwarding findElement on session a3f569d7af779d2b71dc328c9dcbedf1 to remote] DEBUG org.asynchttpclient.netty.request.NettyRequestSender - Using pooled Channel '[id: 0x625a00e3, L:/127.0.0.1:64425 - R:localhost/127.0.0.1:64633]' for 'POST' to 'http://localhost:64633/session/a3f569d7af779d2b71dc328c9dcbedf1/element'
16:50:09.381 [Forwarding findElement on session a3f569d7af779d2b71dc328c9dcbedf1 to remote] DEBUG org.asynchttpclient.netty.request.NettyRequestSender - Using open Channel [id: 0x625a00e3, L:/127.0.0.1:64425 - R:localhost/127.0.0.1:64633] for POST '/session/a3f569d7af779d2b71dc328c9dcbedf1/element'
16:50:09.390 [AsyncHttpClient-1-2] DEBUG org.asynchttpclient.netty.handler.HttpHandler - 

Request DefaultHttpRequest(decodeResult: success, version: HTTP/1.1)
POST /session/a3f569d7af779d2b71dc328c9dcbedf1/element HTTP/1.1
User-Agent: selenium/4.1.2 (java windows)
Content-Length: 111
Content-Type: application/json; charset=utf-8
host: localhost:64633
accept: */*

Response DefaultHttpResponse(decodeResult: success, version: HTTP/1.1)
HTTP/1.1 200 OK
Content-Type: application/json; charset=utf-8
cache-control: no-cache
content-length: 88

16:50:09.391 [AsyncHttpClient-1-2] DEBUG org.asynchttpclient.netty.channel.ChannelManager - Adding key: http://localhost:64633 for channel [id: 0x625a00e3, L:/127.0.0.1:64425 - R:localhost/127.0.0.1:64633]
16:50:09.393 [Forwarding clickElement on session a3f569d7af779d2b71dc328c9dcbedf1 to remote] DEBUG org.asynchttpclient.netty.request.NettyRequestSender - Using pooled Channel '[id: 0x625a00e3, L:/127.0.0.1:64425 - R:localhost/127.0.0.1:64633]' for 'POST' to 'http://localhost:64633/session/a3f569d7af779d2b71dc328c9dcbedf1/element/0ba5d7c9-9d08-4ab1-9d08-b9c7d352b380/click'
16:50:09.393 [Forwarding clickElement on session a3f569d7af779d2b71dc328c9dcbedf1 to remote] DEBUG org.asynchttpclient.netty.request.NettyRequestSender - Using open Channel [id: 0x625a00e3, L:/127.0.0.1:64425 - R:localhost/127.0.0.1:64633] for POST '/session/a3f569d7af779d2b71dc328c9dcbedf1/element/0ba5d7c9-9d08-4ab1-9d08-b9c7d352b380/click'
16:50:09.512 [AsyncHttpClient-1-2] DEBUG org.asynchttpclient.netty.handler.HttpHandler - 

Request DefaultHttpRequest(decodeResult: success, version: HTTP/1.1)
POST /session/a3f569d7af779d2b71dc328c9dcbedf1/element/0ba5d7c9-9d08-4ab1-9d08-b9c7d352b380/click HTTP/1.1
User-Agent: selenium/4.1.2 (java windows)
Content-Length: 50
Content-Type: application/json; charset=utf-8
host: localhost:64633
accept: */*

Response DefaultHttpResponse(decodeResult: success, version: HTTP/1.1)
HTTP/1.1 200 OK
Content-Type: application/json; charset=utf-8
cache-control: no-cache
content-length: 14

16:50:09.513 [AsyncHttpClient-1-2] DEBUG org.asynchttpclient.netty.channel.ChannelManager - Adding key: http://localhost:64633 for channel [id: 0x625a00e3, L:/127.0.0.1:64425 - R:localhost/127.0.0.1:64633]
16:50:09.529 [Forwarding screenshot on session a3f569d7af779d2b71dc328c9dcbedf1 to remote] DEBUG org.asynchttpclient.netty.request.NettyRequestSender - Using pooled Channel '[id: 0x625a00e3, L:/127.0.0.1:64425 - R:localhost/127.0.0.1:64633]' for 'GET' to 'http://localhost:64633/session/a3f569d7af779d2b71dc328c9dcbedf1/screenshot'
16:50:09.529 [Forwarding screenshot on session a3f569d7af779d2b71dc328c9dcbedf1 to remote] DEBUG org.asynchttpclient.netty.request.NettyRequestSender - Using open Channel [id: 0x625a00e3, L:/127.0.0.1:64425 - R:localhost/127.0.0.1:64633] for GET '/session/a3f569d7af779d2b71dc328c9dcbedf1/screenshot'
16:50:10.017 [AsyncHttpClient-1-2] DEBUG org.asynchttpclient.netty.handler.HttpHandler - 

Request DefaultFullHttpRequest(decodeResult: success, version: HTTP/1.1, content: EmptyByteBufBE)
GET /session/a3f569d7af779d2b71dc328c9dcbedf1/screenshot HTTP/1.1
User-Agent: selenium/4.1.2 (java windows)
Cache-Control: no-cache
Content-Type: application/json; charset=utf-8
host: localhost:64633
accept: */*

Response DefaultHttpResponse(decodeResult: success, version: HTTP/1.1)
HTTP/1.1 200 OK
Content-Type: application/json; charset=utf-8
cache-control: no-cache
content-length: 127632

16:50:10.018 [AsyncHttpClient-1-2] DEBUG org.asynchttpclient.netty.channel.ChannelManager - Adding key: http://localhost:64633 for channel [id: 0x625a00e3, L:/127.0.0.1:64425 - R:localhost/127.0.0.1:64633]
16:50:10.026 [main] DEBUG net.serenitybdd.core.photography.Darkroom - Send negative for processing for target\site\serenity\d76f7bc8ebf5a7aea8c5958e5af480e1b5a183c3b7f5f8ef0ced3fc5ba87a370.png
16:50:10.026 [main] DEBUG net.thucydides.core.steps.StepInterceptor - STEP DONE: clickEdit
16:50:10.034 [main] DEBUG net.thucydides.core.steps.StepInterceptor - STARTING STEP: ManageAdminSteps.iClickEditButton - validateEditModal
16:50:10.043 [Forwarding findElement on session a3f569d7af779d2b71dc328c9dcbedf1 to remote] DEBUG org.asynchttpclient.netty.request.NettyRequestSender - Using pooled Channel '[id: 0x625a00e3, L:/127.0.0.1:64425 - R:localhost/127.0.0.1:64633]' for 'POST' to 'http://localhost:64633/session/a3f569d7af779d2b71dc328c9dcbedf1/element'
16:50:10.043 [Forwarding findElement on session a3f569d7af779d2b71dc328c9dcbedf1 to remote] DEBUG org.asynchttpclient.netty.request.NettyRequestSender - Using open Channel [id: 0x625a00e3, L:/127.0.0.1:64425 - R:localhost/127.0.0.1:64633] for POST '/session/a3f569d7af779d2b71dc328c9dcbedf1/element'
16:50:10.059 [AsyncHttpClient-1-2] DEBUG org.asynchttpclient.netty.handler.HttpHandler - 

Request DefaultHttpRequest(decodeResult: success, version: HTTP/1.1)
POST /session/a3f569d7af779d2b71dc328c9dcbedf1/element HTTP/1.1
User-Agent: selenium/4.1.2 (java windows)
Content-Length: 72
Content-Type: application/json; charset=utf-8
host: localhost:64633
accept: */*

Response DefaultHttpResponse(decodeResult: success, version: HTTP/1.1)
HTTP/1.1 200 OK
Content-Type: application/json; charset=utf-8
cache-control: no-cache
content-length: 88

16:50:10.060 [AsyncHttpClient-1-2] DEBUG org.asynchttpclient.netty.channel.ChannelManager - Adding key: http://localhost:64633 for channel [id: 0x625a00e3, L:/127.0.0.1:64425 - R:localhost/127.0.0.1:64633]
16:50:10.062 [Forwarding getElementText on session a3f569d7af779d2b71dc328c9dcbedf1 to remote] DEBUG org.asynchttpclient.netty.request.NettyRequestSender - Using pooled Channel '[id: 0x625a00e3, L:/127.0.0.1:64425 - R:localhost/127.0.0.1:64633]' for 'GET' to 'http://localhost:64633/session/a3f569d7af779d2b71dc328c9dcbedf1/element/2ed77fc9-946b-4ff6-acc7-12455878710a/text'
16:50:10.062 [Forwarding getElementText on session a3f569d7af779d2b71dc328c9dcbedf1 to remote] DEBUG org.asynchttpclient.netty.request.NettyRequestSender - Using open Channel [id: 0x625a00e3, L:/127.0.0.1:64425 - R:localhost/127.0.0.1:64633] for GET '/session/a3f569d7af779d2b71dc328c9dcbedf1/element/2ed77fc9-946b-4ff6-acc7-12455878710a/text'
16:50:10.078 [AsyncHttpClient-1-2] DEBUG org.asynchttpclient.netty.handler.HttpHandler - 

Request DefaultFullHttpRequest(decodeResult: success, version: HTTP/1.1, content: EmptyByteBufBE)
GET /session/a3f569d7af779d2b71dc328c9dcbedf1/element/2ed77fc9-946b-4ff6-acc7-12455878710a/text HTTP/1.1
User-Agent: selenium/4.1.2 (java windows)
Cache-Control: no-cache
Content-Type: application/json; charset=utf-8
host: localhost:64633
accept: */*

Response DefaultHttpResponse(decodeResult: success, version: HTTP/1.1)
HTTP/1.1 200 OK
Content-Type: application/json; charset=utf-8
cache-control: no-cache
content-length: 22

16:50:10.078 [AsyncHttpClient-1-2] DEBUG org.asynchttpclient.netty.channel.ChannelManager - Adding key: http://localhost:64633 for channel [id: 0x625a00e3, L:/127.0.0.1:64425 - R:localhost/127.0.0.1:64633]
16:50:10.083 [AsyncHttpClient-1-1] DEBUG org.asynchttpclient.netty.channel.DefaultChannelPool - Entry count for : http://localhost:64426 : 1
16:50:10.083 [AsyncHttpClient-1-1] DEBUG org.asynchttpclient.netty.channel.DefaultChannelPool - Entry count for : http://localhost:64633 : 1
16:50:10.085 [Forwarding screenshot on session a3f569d7af779d2b71dc328c9dcbedf1 to remote] DEBUG org.asynchttpclient.netty.request.NettyRequestSender - Using pooled Channel '[id: 0x625a00e3, L:/127.0.0.1:64425 - R:localhost/127.0.0.1:64633]' for 'GET' to 'http://localhost:64633/session/a3f569d7af779d2b71dc328c9dcbedf1/screenshot'
16:50:10.085 [Forwarding screenshot on session a3f569d7af779d2b71dc328c9dcbedf1 to remote] DEBUG org.asynchttpclient.netty.request.NettyRequestSender - Using open Channel [id: 0x625a00e3, L:/127.0.0.1:64425 - R:localhost/127.0.0.1:64633] for GET '/session/a3f569d7af779d2b71dc328c9dcbedf1/screenshot'
16:50:10.391 [AsyncHttpClient-1-2] DEBUG org.asynchttpclient.netty.handler.HttpHandler - 

Request DefaultFullHttpRequest(decodeResult: success, version: HTTP/1.1, content: EmptyByteBufBE)
GET /session/a3f569d7af779d2b71dc328c9dcbedf1/screenshot HTTP/1.1
User-Agent: selenium/4.1.2 (java windows)
Cache-Control: no-cache
Content-Type: application/json; charset=utf-8
host: localhost:64633
accept: */*

Response DefaultHttpResponse(decodeResult: success, version: HTTP/1.1)
HTTP/1.1 200 OK
Content-Type: application/json; charset=utf-8
cache-control: no-cache
content-length: 127756

16:50:10.392 [AsyncHttpClient-1-2] DEBUG org.asynchttpclient.netty.channel.ChannelManager - Adding key: http://localhost:64633 for channel [id: 0x625a00e3, L:/127.0.0.1:64425 - R:localhost/127.0.0.1:64633]
16:50:10.408 [main] DEBUG net.serenitybdd.core.photography.Darkroom - Send negative for processing for target\site\serenity\91ad8641ab543f1633ef92d249bb8577894e241c98569d67db39c0fe3378eff8.png
16:50:10.408 [main] DEBUG net.thucydides.core.steps.StepInterceptor - STEP DONE: validateEditModal
  &amp#27;[32mAnd &amp#27;[0m&amp#27;[32mI click edit button &amp#27;[0m&amp#27;[32m&amp#27;[1m2&amp#27;[0m                                                             &amp#27;[90m# starter.stepdefinitions.ManageAdminSteps.iClickEditButton(int)&amp#27;[0m
16:50:10.434 [main] DEBUG net.thucydides.core.steps.StepInterceptor - STARTING STEP: ManageAdminSteps.iInputTheDataForInvalid - inputForEditAdmin
16:50:10.438 [Forwarding findElement on session a3f569d7af779d2b71dc328c9dcbedf1 to remote] DEBUG org.asynchttpclient.netty.request.NettyRequestSender - Using pooled Channel '[id: 0x625a00e3, L:/127.0.0.1:64425 - R:localhost/127.0.0.1:64633]' for 'POST' to 'http://localhost:64633/session/a3f569d7af779d2b71dc328c9dcbedf1/element'
16:50:10.438 [Forwarding findElement on session a3f569d7af779d2b71dc328c9dcbedf1 to remote] DEBUG org.asynchttpclient.netty.request.NettyRequestSender - Using open Channel [id: 0x625a00e3, L:/127.0.0.1:64425 - R:localhost/127.0.0.1:64633] for POST '/session/a3f569d7af779d2b71dc328c9dcbedf1/element'
16:50:10.444 [AsyncHttpClient-1-2] DEBUG org.asynchttpclient.netty.handler.HttpHandler - 

Request DefaultHttpRequest(decodeResult: success, version: HTTP/1.1)
POST /session/a3f569d7af779d2b71dc328c9dcbedf1/element HTTP/1.1
User-Agent: selenium/4.1.2 (java windows)
Content-Length: 51
Content-Type: application/json; charset=utf-8
host: localhost:64633
accept: */*

Response DefaultHttpResponse(decodeResult: success, version: HTTP/1.1)
HTTP/1.1 400 Bad Request
Content-Type: application/json; charset=utf-8
cache-control: no-cache
content-length: 956

16:50:10.444 [AsyncHttpClient-1-2] DEBUG org.asynchttpclient.netty.channel.ChannelManager - Adding key: http://localhost:64633 for channel [id: 0x625a00e3, L:/127.0.0.1:64425 - R:localhost/127.0.0.1:64633]
16:50:10.454 [Forwarding findElement on session a3f569d7af779d2b71dc328c9dcbedf1 to remote] DEBUG org.asynchttpclient.netty.request.NettyRequestSender - Using pooled Channel '[id: 0x625a00e3, L:/127.0.0.1:64425 - R:localhost/127.0.0.1:64633]' for 'POST' to 'http://localhost:64633/session/a3f569d7af779d2b71dc328c9dcbedf1/element'
16:50:10.454 [Forwarding findElement on session a3f569d7af779d2b71dc328c9dcbedf1 to remote] DEBUG org.asynchttpclient.netty.request.NettyRequestSender - Using open Channel [id: 0x625a00e3, L:/127.0.0.1:64425 - R:localhost/127.0.0.1:64633] for POST '/session/a3f569d7af779d2b71dc328c9dcbedf1/element'
16:50:10.472 [AsyncHttpClient-1-2] DEBUG org.asynchttpclient.netty.handler.HttpHandler - 

Request DefaultHttpRequest(decodeResult: success, version: HTTP/1.1)
POST /session/a3f569d7af779d2b71dc328c9dcbedf1/element HTTP/1.1
User-Agent: selenium/4.1.2 (java windows)
Content-Length: 63
Content-Type: application/json; charset=utf-8
host: localhost:64633
accept: */*

Response DefaultHttpResponse(decodeResult: success, version: HTTP/1.1)
HTTP/1.1 200 OK
Content-Type: application/json; charset=utf-8
cache-control: no-cache
content-length: 88

16:50:10.472 [AsyncHttpClient-1-2] DEBUG org.asynchttpclient.netty.channel.ChannelManager - Adding key: http://localhost:64633 for channel [id: 0x625a00e3, L:/127.0.0.1:64425 - R:localhost/127.0.0.1:64633]
16:50:10.486 [Forwarding isElementDisplayed on session a3f569d7af779d2b71dc328c9dcbedf1 to remote] DEBUG org.asynchttpclient.netty.request.NettyRequestSender - Using pooled Channel '[id: 0x625a00e3, L:/127.0.0.1:64425 - R:localhost/127.0.0.1:64633]' for 'POST' to 'http://localhost:64633/session/a3f569d7af779d2b71dc328c9dcbedf1/execute/sync'
16:50:10.486 [Forwarding isElementDisplayed on session a3f569d7af779d2b71dc328c9dcbedf1 to remote] DEBUG org.asynchttpclient.netty.request.NettyRequestSender - Using open Channel [id: 0x625a00e3, L:/127.0.0.1:64425 - R:localhost/127.0.0.1:64633] for POST '/session/a3f569d7af779d2b71dc328c9dcbedf1/execute/sync'
16:50:10.506 [AsyncHttpClient-1-2] DEBUG org.asynchttpclient.netty.handler.HttpHandler - 

Request DefaultHttpRequest(decodeResult: success, version: HTTP/1.1)
POST /session/a3f569d7af779d2b71dc328c9dcbedf1/execute/sync HTTP/1.1
User-Agent: selenium/4.1.2 (java windows)
Content-Length: 48780
Content-Type: application/json; charset=utf-8
host: localhost:64633
accept: */*

Response DefaultHttpResponse(decodeResult: success, version: HTTP/1.1)
HTTP/1.1 200 OK
Content-Type: application/json; charset=utf-8
cache-control: no-cache
content-length: 14

16:50:10.507 [AsyncHttpClient-1-2] DEBUG org.asynchttpclient.netty.channel.ChannelManager - Adding key: http://localhost:64633 for channel [id: 0x625a00e3, L:/127.0.0.1:64425 - R:localhost/127.0.0.1:64633]
16:50:10.507 [Forwarding findElement on session a3f569d7af779d2b71dc328c9dcbedf1 to remote] DEBUG org.asynchttpclient.netty.request.NettyRequestSender - Using pooled Channel '[id: 0x625a00e3, L:/127.0.0.1:64425 - R:localhost/127.0.0.1:64633]' for 'POST' to 'http://localhost:64633/session/a3f569d7af779d2b71dc328c9dcbedf1/element'
16:50:10.507 [Forwarding findElement on session a3f569d7af779d2b71dc328c9dcbedf1 to remote] DEBUG org.asynchttpclient.netty.request.NettyRequestSender - Using open Channel [id: 0x625a00e3, L:/127.0.0.1:64425 - R:localhost/127.0.0.1:64633] for POST '/session/a3f569d7af779d2b71dc328c9dcbedf1/element'
16:50:10.521 [AsyncHttpClient-1-2] DEBUG org.asynchttpclient.netty.handler.HttpHandler - 

Request DefaultHttpRequest(decodeResult: success, version: HTTP/1.1)
POST /session/a3f569d7af779d2b71dc328c9dcbedf1/element HTTP/1.1
User-Agent: selenium/4.1.2 (java windows)
Content-Length: 63
Content-Type: application/json; charset=utf-8
host: localhost:64633
accept: */*

Response DefaultHttpResponse(decodeResult: success, version: HTTP/1.1)
HTTP/1.1 200 OK
Content-Type: application/json; charset=utf-8
cache-control: no-cache
content-length: 88

16:50:10.522 [AsyncHttpClient-1-2] DEBUG org.asynchttpclient.netty.channel.ChannelManager - Adding key: http://localhost:64633 for channel [id: 0x625a00e3, L:/127.0.0.1:64425 - R:localhost/127.0.0.1:64633]
16:50:10.523 [Forwarding findChildElement on session a3f569d7af779d2b71dc328c9dcbedf1 to remote] DEBUG org.asynchttpclient.netty.request.NettyRequestSender - Using pooled Channel '[id: 0x625a00e3, L:/127.0.0.1:64425 - R:localhost/127.0.0.1:64633]' for 'POST' to 'http://localhost:64633/session/a3f569d7af779d2b71dc328c9dcbedf1/element/66fe0990-6891-4b09-8f15-6d9650eacf46/element'
16:50:10.523 [Forwarding findChildElement on session a3f569d7af779d2b71dc328c9dcbedf1 to remote] DEBUG org.asynchttpclient.netty.request.NettyRequestSender - Using open Channel [id: 0x625a00e3, L:/127.0.0.1:64425 - R:localhost/127.0.0.1:64633] for POST '/session/a3f569d7af779d2b71dc328c9dcbedf1/element/66fe0990-6891-4b09-8f15-6d9650eacf46/element'
16:50:10.542 [AsyncHttpClient-1-2] DEBUG org.asynchttpclient.netty.handler.HttpHandler - 

Request DefaultHttpRequest(decodeResult: success, version: HTTP/1.1)
POST /session/a3f569d7af779d2b71dc328c9dcbedf1/element/66fe0990-6891-4b09-8f15-6d9650eacf46/element HTTP/1.1
User-Agent: selenium/4.1.2 (java windows)
Content-Length: 118
Content-Type: application/json; charset=utf-8
host: localhost:64633
accept: */*

Response DefaultHttpResponse(decodeResult: success, version: HTTP/1.1)
HTTP/1.1 200 OK
Content-Type: application/json; charset=utf-8
cache-control: no-cache
content-length: 88

16:50:10.543 [AsyncHttpClient-1-2] DEBUG org.asynchttpclient.netty.channel.ChannelManager - Adding key: http://localhost:64633 for channel [id: 0x625a00e3, L:/127.0.0.1:64425 - R:localhost/127.0.0.1:64633]
16:50:10.547 [Forwarding sendKeysToElement on session a3f569d7af779d2b71dc328c9dcbedf1 to remote] DEBUG org.asynchttpclient.netty.request.NettyRequestSender - Using pooled Channel '[id: 0x625a00e3, L:/127.0.0.1:64425 - R:localhost/127.0.0.1:64633]' for 'POST' to 'http://localhost:64633/session/a3f569d7af779d2b71dc328c9dcbedf1/element/52a0f194-833b-4593-8908-b9a29e3c7687/value'
16:50:10.547 [Forwarding sendKeysToElement on session a3f569d7af779d2b71dc328c9dcbedf1 to remote] DEBUG org.asynchttpclient.netty.request.NettyRequestSender - Using open Channel [id: 0x625a00e3, L:/127.0.0.1:64425 - R:localhost/127.0.0.1:64633] for POST '/session/a3f569d7af779d2b71dc328c9dcbedf1/element/52a0f194-833b-4593-8908-b9a29e3c7687/value'
16:50:10.741 [AsyncHttpClient-1-2] DEBUG org.asynchttpclient.netty.handler.HttpHandler - 

Request DefaultHttpRequest(decodeResult: success, version: HTTP/1.1)
POST /session/a3f569d7af779d2b71dc328c9dcbedf1/element/52a0f194-833b-4593-8908-b9a29e3c7687/value HTTP/1.1
User-Agent: selenium/4.1.2 (java windows)
Content-Length: 199
Content-Type: application/json; charset=utf-8
host: localhost:64633
accept: */*

Response DefaultHttpResponse(decodeResult: success, version: HTTP/1.1)
HTTP/1.1 200 OK
Content-Type: application/json; charset=utf-8
cache-control: no-cache
content-length: 14

16:50:10.742 [AsyncHttpClient-1-2] DEBUG org.asynchttpclient.netty.channel.ChannelManager - Adding key: http://localhost:64633 for channel [id: 0x625a00e3, L:/127.0.0.1:64425 - R:localhost/127.0.0.1:64633]
16:50:10.746 [Forwarding findChildElement on session a3f569d7af779d2b71dc328c9dcbedf1 to remote] DEBUG org.asynchttpclient.netty.request.NettyRequestSender - Using pooled Channel '[id: 0x625a00e3, L:/127.0.0.1:64425 - R:localhost/127.0.0.1:64633]' for 'POST' to 'http://localhost:64633/session/a3f569d7af779d2b71dc328c9dcbedf1/element/66fe0990-6891-4b09-8f15-6d9650eacf46/element'
16:50:10.746 [Forwarding findChildElement on session a3f569d7af779d2b71dc328c9dcbedf1 to remote] DEBUG org.asynchttpclient.netty.request.NettyRequestSender - Using open Channel [id: 0x625a00e3, L:/127.0.0.1:64425 - R:localhost/127.0.0.1:64633] for POST '/session/a3f569d7af779d2b71dc328c9dcbedf1/element/66fe0990-6891-4b09-8f15-6d9650eacf46/element'
16:50:10.756 [AsyncHttpClient-1-2] DEBUG org.asynchttpclient.netty.handler.HttpHandler - 

Request DefaultHttpRequest(decodeResult: success, version: HTTP/1.1)
POST /session/a3f569d7af779d2b71dc328c9dcbedf1/element/66fe0990-6891-4b09-8f15-6d9650eacf46/element HTTP/1.1
User-Agent: selenium/4.1.2 (java windows)
Content-Length: 118
Content-Type: application/json; charset=utf-8
host: localhost:64633
accept: */*

Response DefaultHttpResponse(decodeResult: success, version: HTTP/1.1)
HTTP/1.1 200 OK
Content-Type: application/json; charset=utf-8
cache-control: no-cache
content-length: 88

16:50:10.756 [AsyncHttpClient-1-2] DEBUG org.asynchttpclient.netty.channel.ChannelManager - Adding key: http://localhost:64633 for channel [id: 0x625a00e3, L:/127.0.0.1:64425 - R:localhost/127.0.0.1:64633]
16:50:10.757 [Forwarding sendKeysToElement on session a3f569d7af779d2b71dc328c9dcbedf1 to remote] DEBUG org.asynchttpclient.netty.request.NettyRequestSender - Using pooled Channel '[id: 0x625a00e3, L:/127.0.0.1:64425 - R:localhost/127.0.0.1:64633]' for 'POST' to 'http://localhost:64633/session/a3f569d7af779d2b71dc328c9dcbedf1/element/52a0f194-833b-4593-8908-b9a29e3c7687/value'
16:50:10.757 [Forwarding sendKeysToElement on session a3f569d7af779d2b71dc328c9dcbedf1 to remote] DEBUG org.asynchttpclient.netty.request.NettyRequestSender - Using open Channel [id: 0x625a00e3, L:/127.0.0.1:64425 - R:localhost/127.0.0.1:64633] for POST '/session/a3f569d7af779d2b71dc328c9dcbedf1/element/52a0f194-833b-4593-8908-b9a29e3c7687/value'
16:50:10.877 [AsyncHttpClient-1-2] DEBUG org.asynchttpclient.netty.handler.HttpHandler - 

Request DefaultHttpRequest(decodeResult: success, version: HTTP/1.1)
POST /session/a3f569d7af779d2b71dc328c9dcbedf1/element/52a0f194-833b-4593-8908-b9a29e3c7687/value HTTP/1.1
User-Agent: selenium/4.1.2 (java windows)
Content-Length: 175
Content-Type: application/json; charset=utf-8
host: localhost:64633
accept: */*

Response DefaultHttpResponse(decodeResult: success, version: HTTP/1.1)
HTTP/1.1 200 OK
Content-Type: application/json; charset=utf-8
cache-control: no-cache
content-length: 14

16:50:10.878 [AsyncHttpClient-1-2] DEBUG org.asynchttpclient.netty.channel.ChannelManager - Adding key: http://localhost:64633 for channel [id: 0x625a00e3, L:/127.0.0.1:64425 - R:localhost/127.0.0.1:64633]
16:50:10.880 [Forwarding findChildElement on session a3f569d7af779d2b71dc328c9dcbedf1 to remote] DEBUG org.asynchttpclient.netty.request.NettyRequestSender - Using pooled Channel '[id: 0x625a00e3, L:/127.0.0.1:64425 - R:localhost/127.0.0.1:64633]' for 'POST' to 'http://localhost:64633/session/a3f569d7af779d2b71dc328c9dcbedf1/element/66fe0990-6891-4b09-8f15-6d9650eacf46/element'
16:50:10.880 [Forwarding findChildElement on session a3f569d7af779d2b71dc328c9dcbedf1 to remote] DEBUG org.asynchttpclient.netty.request.NettyRequestSender - Using open Channel [id: 0x625a00e3, L:/127.0.0.1:64425 - R:localhost/127.0.0.1:64633] for POST '/session/a3f569d7af779d2b71dc328c9dcbedf1/element/66fe0990-6891-4b09-8f15-6d9650eacf46/element'
16:50:10.901 [AsyncHttpClient-1-2] DEBUG org.asynchttpclient.netty.handler.HttpHandler - 

Request DefaultHttpRequest(decodeResult: success, version: HTTP/1.1)
POST /session/a3f569d7af779d2b71dc328c9dcbedf1/element/66fe0990-6891-4b09-8f15-6d9650eacf46/element HTTP/1.1
User-Agent: selenium/4.1.2 (java windows)
Content-Length: 122
Content-Type: application/json; charset=utf-8
host: localhost:64633
accept: */*

Response DefaultHttpResponse(decodeResult: success, version: HTTP/1.1)
[...]

Response DefaultHttpResponse(decodeResult: success, version: HTTP/1.1)
HTTP/1.1 200 OK
Content-Type: application/json; charset=utf-8
cache-control: no-cache
content-length: 14

16:50:12.564 [AsyncHttpClient-1-2] DEBUG org.asynchttpclient.netty.channel.ChannelManager - Adding key: http://localhost:64633 for channel [id: 0x625a00e3, L:/127.0.0.1:64425 - R:localhost/127.0.0.1:64633]
16:50:12.565 [Forwarding findElement on session a3f569d7af779d2b71dc328c9dcbedf1 to remote] DEBUG org.asynchttpclient.netty.request.NettyRequestSender - Using pooled Channel '[id: 0x625a00e3, L:/127.0.0.1:64425 - R:localhost/127.0.0.1:64633]' for 'POST' to 'http://localhost:64633/session/a3f569d7af779d2b71dc328c9dcbedf1/element'
16:50:12.565 [Forwarding findElement on session a3f569d7af779d2b71dc328c9dcbedf1 to remote] DEBUG org.asynchttpclient.netty.request.NettyRequestSender - Using open Channel [id: 0x625a00e3, L:/127.0.0.1:64425 - R:localhost/127.0.0.1:64633] for POST '/session/a3f569d7af779d2b71dc328c9dcbedf1/element'
16:50:12.579 [AsyncHttpClient-1-2] DEBUG org.asynchttpclient.netty.handler.HttpHandler - 

Request DefaultHttpRequest(decodeResult: success, version: HTTP/1.1)
POST /session/a3f569d7af779d2b71dc328c9dcbedf1/element HTTP/1.1
User-Agent: selenium/4.1.2 (java windows)
Content-Length: 63
Content-Type: application/json; charset=utf-8
host: localhost:64633
accept: */*

Response DefaultHttpResponse(decodeResult: success, version: HTTP/1.1)
HTTP/1.1 200 OK
Content-Type: application/json; charset=utf-8
cache-control: no-cache
content-length: 88

16:50:12.580 [AsyncHttpClient-1-2] DEBUG org.asynchttpclient.netty.channel.ChannelManager - Adding key: http://localhost:64633 for channel [id: 0x625a00e3, L:/127.0.0.1:64425 - R:localhost/127.0.0.1:64633]
16:50:12.582 [Forwarding findChildElement on session a3f569d7af779d2b71dc328c9dcbedf1 to remote] DEBUG org.asynchttpclient.netty.request.NettyRequestSender - Using pooled Channel '[id: 0x625a00e3, L:/127.0.0.1:64425 - R:localhost/127.0.0.1:64633]' for 'POST' to 'http://localhost:64633/session/a3f569d7af779d2b71dc328c9dcbedf1/element/66fe0990-6891-4b09-8f15-6d9650eacf46/element'
16:50:12.582 [Forwarding findChildElement on session a3f569d7af779d2b71dc328c9dcbedf1 to remote] DEBUG org.asynchttpclient.netty.request.NettyRequestSender - Using open Channel [id: 0x625a00e3, L:/127.0.0.1:64425 - R:localhost/127.0.0.1:64633] for POST '/session/a3f569d7af779d2b71dc328c9dcbedf1/element/66fe0990-6891-4b09-8f15-6d9650eacf46/element'
16:50:12.591 [AsyncHttpClient-1-2] DEBUG org.asynchttpclient.netty.handler.HttpHandler - 

Request DefaultHttpRequest(decodeResult: success, version: HTTP/1.1)
POST /session/a3f569d7af779d2b71dc328c9dcbedf1/element/66fe0990-6891-4b09-8f15-6d9650eacf46/element HTTP/1.1
User-Agent: selenium/4.1.2 (java windows)
Content-Length: 118
Content-Type: application/json; charset=utf-8
host: localhost:64633
accept: */*

Response DefaultHttpResponse(decodeResult: success, version: HTTP/1.1)
HTTP/1.1 200 OK
Content-Type: application/json; charset=utf-8
cache-control: no-cache
content-length: 88

16:50:12.591 [AsyncHttpClient-1-2] DEBUG org.asynchttpclient.netty.channel.ChannelManager - Adding key: http://localhost:64633 for channel [id: 0x625a00e3, L:/127.0.0.1:64425 - R:localhost/127.0.0.1:64633]
16:50:12.592 [Forwarding clickElement on session a3f569d7af779d2b71dc328c9dcbedf1 to remote] DEBUG org.asynchttpclient.netty.request.NettyRequestSender - Using pooled Channel '[id: 0x625a00e3, L:/127.0.0.1:64425 - R:localhost/127.0.0.1:64633]' for 'POST' to 'http://localhost:64633/session/a3f569d7af779d2b71dc328c9dcbedf1/element/06d478da-2b24-4be5-a2d9-a75f7805128b/click'
16:50:12.592 [Forwarding clickElement on session a3f569d7af779d2b71dc328c9dcbedf1 to remote] DEBUG org.asynchttpclient.netty.request.NettyRequestSender - Using open Channel [id: 0x625a00e3, L:/127.0.0.1:64425 - R:localhost/127.0.0.1:64633] for POST '/session/a3f569d7af779d2b71dc328c9dcbedf1/element/06d478da-2b24-4be5-a2d9-a75f7805128b/click'
16:50:12.643 [AsyncHttpClient-1-2] DEBUG org.asynchttpclient.netty.handler.HttpHandler - 

Request DefaultHttpRequest(decodeResult: success, version: HTTP/1.1)
POST /session/a3f569d7af779d2b71dc328c9dcbedf1/element/06d478da-2b24-4be5-a2d9-a75f7805128b/click HTTP/1.1
User-Agent: selenium/4.1.2 (java windows)
Content-Length: 50
Content-Type: application/json; charset=utf-8
host: localhost:64633
accept: */*

Response DefaultHttpResponse(decodeResult: success, version: HTTP/1.1)
HTTP/1.1 200 OK
Content-Type: application/json; charset=utf-8
cache-control: no-cache
content-length: 14

16:50:12.644 [AsyncHttpClient-1-2] DEBUG org.asynchttpclient.netty.channel.ChannelManager - Adding key: http://localhost:64633 for channel [id: 0x625a00e3, L:/127.0.0.1:64425 - R:localhost/127.0.0.1:64633]
16:50:12.653 [Forwarding screenshot on session a3f569d7af779d2b71dc328c9dcbedf1 to remote] DEBUG org.asynchttpclient.netty.request.NettyRequestSender - Using pooled Channel '[id: 0x625a00e3, L:/127.0.0.1:64425 - R:localhost/127.0.0.1:64633]' for 'GET' to 'http://localhost:64633/session/a3f569d7af779d2b71dc328c9dcbedf1/screenshot'
16:50:12.654 [Forwarding screenshot on session a3f569d7af779d2b71dc328c9dcbedf1 to remote] DEBUG org.asynchttpclient.netty.request.NettyRequestSender - Using open Channel [id: 0x625a00e3, L:/127.0.0.1:64425 - R:localhost/127.0.0.1:64633] for GET '/session/a3f569d7af779d2b71dc328c9dcbedf1/screenshot'
16:50:12.906 [AsyncHttpClient-1-2] DEBUG org.asynchttpclient.netty.handler.HttpHandler - 

Request DefaultFullHttpRequest(decodeResult: success, version: HTTP/1.1, content: EmptyByteBufBE)
GET /session/a3f569d7af779d2b71dc328c9dcbedf1/screenshot HTTP/1.1
User-Agent: selenium/4.1.2 (java windows)
Cache-Control: no-cache
Content-Type: application/json; charset=utf-8
host: localhost:64633
accept: */*

Response DefaultHttpResponse(decodeResult: success, version: HTTP/1.1)
HTTP/1.1 200 OK
Content-Type: application/json; charset=utf-8
cache-control: no-cache
content-length: 154000

16:50:12.909 [AsyncHttpClient-1-2] DEBUG org.asynchttpclient.netty.channel.ChannelManager - Adding key: http://localhost:64633 for channel [id: 0x625a00e3, L:/127.0.0.1:64425 - R:localhost/127.0.0.1:64633]
16:50:12.917 [main] DEBUG net.serenitybdd.core.photography.Darkroom - Send negative for processing for target\site\serenity\fde4d4a209a6f3026c732f6543fd9b3cff723352f8b3b27840f444766f918b9c.png
16:50:12.917 [main] DEBUG net.thucydides.core.steps.StepInterceptor - STEP DONE: clickSaveButton
  &amp#27;[32mAnd &amp#27;[0m&amp#27;[32mI click save button &amp#27;[0m&amp#27;[32m&amp#27;[1m"edit"&amp#27;[0m                                                        &amp#27;[90m# starter.stepdefinitions.ManageAdminSteps.iClickSaveButton(java.lang.String)&amp#27;[0m
16:50:12.917 [Darkroom Processing Line] DEBUG net.serenitybdd.core.photography.DarkroomProcessingLine - Processing screenshot image in /var/screenshots/screenshot-11099458147781443768
16:50:12.917 [Darkroom Processing Line] DEBUG net.serenitybdd.core.photography.DarkroomProcessingLine - Saving screenshot to target\site\serenity\fde4d4a209a6f3026c732f6543fd9b3cff723352f8b3b27840f444766f918b9c.png
16:50:12.934 [main] DEBUG net.thucydides.core.steps.StepInterceptor - STARTING STEP: ManageAdminSteps.iValidateTheResultAfterEditAdminNotValid - validateTheResultAfterEditAdminNotValid
16:50:12.934 [Forwarding findElement on session a3f569d7af779d2b71dc328c9dcbedf1 to remote] DEBUG org.asynchttpclient.netty.request.NettyRequestSender - Using pooled Channel '[id: 0x625a00e3, L:/127.0.0.1:64425 - R:localhost/127.0.0.1:64633]' for 'POST' to 'http://localhost:64633/session/a3f569d7af779d2b71dc328c9dcbedf1/element'
16:50:12.934 [Forwarding findElement on session a3f569d7af779d2b71dc328c9dcbedf1 to remote] DEBUG org.asynchttpclient.netty.request.NettyRequestSender - Using open Channel [id: 0x625a00e3, L:/127.0.0.1:64425 - R:localhost/127.0.0.1:64633] for POST '/session/a3f569d7af779d2b71dc328c9dcbedf1/element'
16:50:12.951 [AsyncHttpClient-1-2] DEBUG org.asynchttpclient.netty.handler.HttpHandler - 

Request DefaultHttpRequest(decodeResult: success, version: HTTP/1.1)
POST /session/a3f569d7af779d2b71dc328c9dcbedf1/element HTTP/1.1
User-Agent: selenium/4.1.2 (java windows)
Content-Length: 63
Content-Type: application/json; charset=utf-8
host: localhost:64633
accept: */*

Response DefaultHttpResponse(decodeResult: success, version: HTTP/1.1)
HTTP/1.1 200 OK
Content-Type: application/json; charset=utf-8
cache-control: no-cache
content-length: 88

16:50:12.951 [AsyncHttpClient-1-2] DEBUG org.asynchttpclient.netty.channel.ChannelManager - Adding key: http://localhost:64633 for channel [id: 0x625a00e3, L:/127.0.0.1:64425 - R:localhost/127.0.0.1:64633]
16:50:12.954 [Forwarding findChildElement on session a3f569d7af779d2b71dc328c9dcbedf1 to remote] DEBUG org.asynchttpclient.netty.request.NettyRequestSender - Using pooled Channel '[id: 0x625a00e3, L:/127.0.0.1:64425 - R:localhost/127.0.0.1:64633]' for 'POST' to 'http://localhost:64633/session/a3f569d7af779d2b71dc328c9dcbedf1/element/66fe0990-6891-4b09-8f15-6d9650eacf46/element'
16:50:12.954 [Forwarding findChildElement on session a3f569d7af779d2b71dc328c9dcbedf1 to remote] DEBUG org.asynchttpclient.netty.request.NettyRequestSender - Using open Channel [id: 0x625a00e3, L:/127.0.0.1:64425 - R:localhost/127.0.0.1:64633] for POST '/session/a3f569d7af779d2b71dc328c9dcbedf1/element/66fe0990-6891-4b09-8f15-6d9650eacf46/element'
16:50:12.970 [AsyncHttpClient-1-2] DEBUG org.asynchttpclient.netty.handler.HttpHandler - 

Request DefaultHttpRequest(decodeResult: success, version: HTTP/1.1)
POST /session/a3f569d7af779d2b71dc328c9dcbedf1/element/66fe0990-6891-4b09-8f15-6d9650eacf46/element HTTP/1.1
User-Agent: selenium/4.1.2 (java windows)
Content-Length: 142
Content-Type: application/json; charset=utf-8
host: localhost:64633
accept: */*

Response DefaultHttpResponse(decodeResult: success, version: HTTP/1.1)
HTTP/1.1 200 OK
Content-Type: application/json; charset=utf-8
cache-control: no-cache
content-length: 88

16:50:12.970 [AsyncHttpClient-1-2] DEBUG org.asynchttpclient.netty.channel.ChannelManager - Adding key: http://localhost:64633 for channel [id: 0x625a00e3, L:/127.0.0.1:64425 - R:localhost/127.0.0.1:64633]
16:50:12.974 [Forwarding isElementDisplayed on session a3f569d7af779d2b71dc328c9dcbedf1 to remote] DEBUG org.asynchttpclient.netty.request.NettyRequestSender - Using pooled Channel '[id: 0x625a00e3, L:/127.0.0.1:64425 - R:localhost/127.0.0.1:64633]' for 'POST' to 'http://localhost:64633/session/a3f569d7af779d2b71dc328c9dcbedf1/execute/sync'
16:50:12.974 [Forwarding isElementDisplayed on session a3f569d7af779d2b71dc328c9dcbedf1 to remote] DEBUG org.asynchttpclient.netty.request.NettyRequestSender - Using open Channel [id: 0x625a00e3, L:/127.0.0.1:64425 - R:localhost/127.0.0.1:64633] for POST '/session/a3f569d7af779d2b71dc328c9dcbedf1/execute/sync'
16:50:12.989 [AsyncHttpClient-1-2] DEBUG org.asynchttpclient.netty.handler.HttpHandler - 

Request DefaultHttpRequest(decodeResult: success, version: HTTP/1.1)
POST /session/a3f569d7af779d2b71dc328c9dcbedf1/execute/sync HTTP/1.1
User-Agent: selenium/4.1.2 (java windows)
Content-Length: 48780
Content-Type: application/json; charset=utf-8
host: localhost:64633
accept: */*

Response DefaultHttpResponse(decodeResult: success, version: HTTP/1.1)
HTTP/1.1 200 OK
Content-Type: application/json; charset=utf-8
cache-control: no-cache
content-length: 14

16:50:12.989 [AsyncHttpClient-1-2] DEBUG org.asynchttpclient.netty.channel.ChannelManager - Adding key: http://localhost:64633 for channel [id: 0x625a00e3, L:/127.0.0.1:64425 - R:localhost/127.0.0.1:64633]
16:50:12.997 [Forwarding screenshot on session a3f569d7af779d2b71dc328c9dcbedf1 to remote] DEBUG org.asynchttpclient.netty.request.NettyRequestSender - Using pooled Channel '[id: 0x625a00e3, L:/127.0.0.1:64425 - R:localhost/127.0.0.1:64633]' for 'GET' to 'http://localhost:64633/session/a3f569d7af779d2b71dc328c9dcbedf1/screenshot'
16:50:12.998 [Forwarding screenshot on session a3f569d7af779d2b71dc328c9dcbedf1 to remote] DEBUG org.asynchttpclient.netty.request.NettyRequestSender - Using open Channel [id: 0x625a00e3, L:/127.0.0.1:64425 - R:localhost/127.0.0.1:64633] for GET '/session/a3f569d7af779d2b71dc328c9dcbedf1/screenshot'
16:50:13.185 [AsyncHttpClient-1-2] DEBUG org.asynchttpclient.netty.handler.HttpHandler - 

Request DefaultFullHttpRequest(decodeResult: success, version: HTTP/1.1, content: EmptyByteBufBE)
GET /session/a3f569d7af779d2b71dc328c9dcbedf1/screenshot HTTP/1.1
User-Agent: selenium/4.1.2 (java windows)
Cache-Control: no-cache
Content-Type: application/json; charset=utf-8
host: localhost:64633
accept: */*

Response DefaultHttpResponse(decodeResult: success, version: HTTP/1.1)
HTTP/1.1 200 OK
Content-Type: application/json; charset=utf-8
cache-control: no-cache
content-length: 153952

16:50:13.185 [AsyncHttpClient-1-2] DEBUG org.asynchttpclient.netty.channel.ChannelManager - Adding key: http://localhost:64633 for channel [id: 0x625a00e3, L:/127.0.0.1:64425 - R:localhost/127.0.0.1:64633]
16:50:13.199 [main] DEBUG net.serenitybdd.core.photography.Darkroom - Send negative for processing for target\site\serenity\a4af13278d08a2eb12acbba0f24066858372ac6f61991995a17a2b04ea4c5aaa.png
16:50:13.199 [main] DEBUG net.thucydides.core.steps.StepInterceptor - STEP DONE: validateTheResultAfterEditAdminNotValid
  &amp#27;[32mThen &amp#27;[0m&amp#27;[32mI validate the result after edit admin not valid &amp#27;[0m&amp#27;[32m&amp#27;[1m"Please enter a valid username"&amp#27;[0m &amp#27;[90m# starter.stepdefinitions.ManageAdminSteps.iValidateTheResultAfterEditAdminNotValid(java.lang.String)&amp#27;[0m
16:50:13.199 [Darkroom Processing Line] DEBUG net.serenitybdd.core.photography.DarkroomProcessingLine - Processing screenshot image in /var/screenshots/screenshot-2177247805728608019
16:50:13.199 [Darkroom Processing Line] DEBUG net.serenitybdd.core.photography.DarkroomProcessingLine - Saving screenshot to target\site\serenity\a4af13278d08a2eb12acbba0f24066858372ac6f61991995a17a2b04ea4c5aaa.png
16:50:13.353 [Driver Command Executor] DEBUG org.asynchttpclient.netty.request.NettyRequestSender - Using pooled Channel '[id: 0x625a00e3, L:/127.0.0.1:64425 - R:localhost/127.0.0.1:64633]' for 'DELETE' to 'http://localhost:64633/session/a3f569d7af779d2b71dc328c9dcbedf1'
16:50:13.353 [Driver Command Executor] DEBUG org.asynchttpclient.netty.request.NettyRequestSender - Using open Channel [id: 0x625a00e3, L:/127.0.0.1:64425 - R:localhost/127.0.0.1:64633] for DELETE '/session/a3f569d7af779d2b71dc328c9dcbedf1'
16:50:13.355 [AsyncHttpClient-1-4] DEBUG org.asynchttpclient.netty.handler.WebSocketHandler - Channel Closed: [id: 0xe2281b50, L:/127.0.0.1:64435 ! R:localhost/127.0.0.1:64426] with attribute NettyResponseFuture{currentRetry=5,
	isDone=1,
	isCancelled=0,
	asyncHandler=org.asynchttpclient.ws.WebSocketUpgradeHandler@379a24ff,
	nettyRequest=org.asynchttpclient.netty.request.NettyRequest@11161a0b,
	future=java.util.concurrent.CompletableFuture@36e77e66[Completed normally],
	uri=ws://localhost:64426/devtools/browser/c07cda45-8c75-40f5-89c1-6c2d01662b41,
	keepAlive=true,
	redirectCount=0,
	timeoutsHolder=null,
	inAuth=0,
	touch=1657792204966}
16:50:13.356 [AsyncHttpClient-1-4] DEBUG org.asynchttpclient.netty.channel.ChannelManager - Closing Channel [id: 0xe2281b50, L:/127.0.0.1:64435 ! R:localhost/127.0.0.1:64426] 
16:50:13.380 [AsyncHttpClient-1-1] DEBUG org.asynchttpclient.netty.channel.DefaultChannelPool - Entry count for : http://localhost:64426 : 1
16:50:13.398 [AsyncHttpClient-1-3] DEBUG org.asynchttpclient.netty.handler.HttpHandler - Unexpected I/O exception on channel [id: 0xfbaa584b, L:/127.0.0.1:64434 - R:localhost/127.0.0.1:64426]
java.net.SocketException: Connection reset
	at java.base/sun.nio.ch.SocketChannelImpl.throwConnectionReset(SocketChannelImpl.java:367)
	at java.base/sun.nio.ch.SocketChannelImpl.read(SocketChannelImpl.java:398)
	at io.netty.buffer.PooledByteBuf.setBytes(PooledByteBuf.java:258)
	at io.netty.buffer.AbstractByteBuf.writeBytes(AbstractByteBuf.java:1132)
	at io.netty.channel.socket.nio.NioSocketChannel.doReadBytes(NioSocketChannel.java:350)
	at io.netty.channel.nio.AbstractNioByteChannel$NioByteUnsafe.read(AbstractNioByteChannel.java:151)
	at io.netty.channel.nio.NioEventLoop.processSelectedKey(NioEventLoop.java:722)
	at io.netty.channel.nio.NioEventLoop.processSelectedKeysOptimized(NioEventLoop.java:658)
	at io.netty.channel.nio.NioEventLoop.processSelectedKeys(NioEventLoop.java:584)
	at io.netty.channel.nio.NioEventLoop.run(NioEventLoop.java:496)
	at io.netty.util.concurrent.SingleThreadEventExecutor$4.run(SingleThreadEventExecutor.java:986)
	at io.netty.util.internal.ThreadExecutorMap$2.run(ThreadExecutorMap.java:74)
	at io.netty.util.concurrent.FastThreadLocalRunnable.run(FastThreadLocalRunnable.java:30)
	at java.base/java.lang.Thread.run(Thread.java:832)
16:50:13.398 [AsyncHttpClient-1-3] DEBUG org.asynchttpclient.netty.channel.ChannelManager - Closing Channel [id: 0xfbaa584b, L:/127.0.0.1:64434 - R:localhost/127.0.0.1:64426] 
16:50:13.401 [AsyncHttpClient-1-3] DEBUG org.asynchttpclient.netty.handler.HttpHandler - Channel Closed: [id: 0xfbaa584b, L:/127.0.0.1:64434 ! R:localhost/127.0.0.1:64426] with attribute DISCARD
16:50:13.406 [AsyncHttpClient-1-2] DEBUG org.asynchttpclient.netty.handler.HttpHandler - 

Request DefaultFullHttpRequest(decodeResult: success, version: HTTP/1.1, content: EmptyByteBufBE)
DELETE /session/a3f569d7af779d2b71dc328c9dcbedf1 HTTP/1.1
User-Agent: selenium/4.1.2 (java windows)
Content-Type: application/json; charset=utf-8
host: localhost:64633
accept: */*

Response DefaultHttpResponse(decodeResult: success, version: HTTP/1.1)
HTTP/1.1 200 OK
Content-Type: application/json; charset=utf-8
cache-control: no-cache
content-length: 14

16:50:13.406 [AsyncHttpClient-1-2] DEBUG org.asynchttpclient.netty.channel.ChannelManager - Adding key: http://localhost:64633 for channel [id: 0x625a00e3, L:/127.0.0.1:64425 - R:localhost/127.0.0.1:64633]
16:50:13.520 [AsyncHttpClient-1-2] DEBUG org.asynchttpclient.netty.handler.HttpHandler - Channel Closed: [id: 0x625a00e3, L:/127.0.0.1:64425 ! R:localhost/127.0.0.1:64633] with attribute DISCARD
16:50:14.052 [main] INFO  - 
  _____   ___   ___   _____     ___     _     ___   ___   ___   ___  
 |_   _| | __| / __| |_   _|   | _ \   /_\   / __| / __| | __| |   \ 
   | |   | _|  \__ \   | |     |  _/  / _ \  \__ \ \__ \ | _|  | |) |
   |_|   |___| |___/   |_|     |_|   /_/ \_\ |___/ |___/ |___| |___/ 

Edit data Admin with some data are not valid
----------------------------------------------------------------------
]]></system-out>
    <system-err><![CDATA[Starting ChromeDriver 103.0.5060.53 (a1711811edd74ff1cf2150f36ffa3b0dae40b17f-refs/branch-heads/5060@{#853}) on port 64633
Only local connections are allowed.
Please see https://chromedriver.chromium.org/security-considerations for suggestions on keeping ChromeDriver safe.
ChromeDriver was started successfully.
Jul 14, 2022 4:50:04 PM org.openqa.selenium.remote.ProtocolHandshake createSession
INFO: Detected dialect: W3C
Jul 14, 2022 4:50:04 PM org.openqa.selenium.devtools.CdpVersionFinder findNearestMatch
WARNING: Unable to find an exact match for CDP version 103, so returning the closest version found: a no-op implementation
Jul 14, 2022 4:50:04 PM org.openqa.selenium.devtools.CdpVersionFinder findNearestMatch
INFO: Unable to find CDP implementation matching 103.
Jul 14, 2022 4:50:04 PM org.openqa.selenium.chromium.ChromiumDriver lambda$new$3
WARNING: Unable to find version of CDP to use for . You may need to include a dependency on a specific version of the CDP using something similar to `org.seleniumhq.selenium:selenium-devtools-v86:4.1.2` where the version ("v86") matches the version of the chromium-based browser you're using and the version number of the artifact is the same as Selenium's.
]]></system-err>
  </testcase>
</testsuite>